Checking src/app/app.cc ...
src/app/app.cc:1226:37: error: syntax error [syntaxError]
        g_assert_cmpint(chrome_width, >=, 0);
                                    ^
Checking src/app/app.cc: BTE_DEBUG...
1/47 files checked 6% done
Checking src/bidi.cc ...
Checking src/bidi.cc: BTE_COMPILATION;__BTE_BTE_H_INSIDE__;__EXCEPTIONS;__GXX_RTTI...
src/attr.hh:122:40: error: syntax error [syntaxError]
        g_assert_cmpuint(value << shift, <=, mask); /* assurance */
                                       ^
2/47 files checked 8% done
Checking src/bte.cc ...
Checking src/bte.cc: BTE_COMPILATION;__BTE_BTE_H_INSIDE__;__EXCEPTIONS;__GXX_RTTI...
3/47 files checked 32% done
Checking src/bteaccess.cc ...
Checking src/bteaccess.cc: BTE_COMPILATION;__BTE_BTE_H_INSIDE__;__EXCEPTIONS;__GXX_RTTI...
4/47 files checked 36% done
Checking src/btectk.cc ...
Checking src/btectk.cc: BTE_COMPILATION;__BTE_BTE_H_INSIDE__;__EXCEPTIONS;__GXX_RTTI...
src/btectk.cc:138:1: error: syntax error: keyword 'try' is not allowed in global scope [syntaxError]
try
^
Checking src/btectk.cc: BTE_COMPILATION;__EXCEPTIONS;__GXX_RTTI...
5/47 files checked 47% done
Checking src/btepty.cc ...
Checking src/btepty.cc: BTE_COMPILATION...
src/btepty.cc:134:1: error: syntax error: keyword 'try' is not allowed in global scope [syntaxError]
try
^
Checking src/btepty.cc: BTE_COMPILATION;__BTE_BTE_H_INSIDE__...
6/47 files checked 49% done
Checking src/bteregex.cc ...
src/bteregex.cc:92:1: error: syntax error: keyword 'try' is not allowed in global scope [syntaxError]
try
^
Checking src/bteregex.cc: BTE_DEBUG...
Checking src/bteregex.cc: __GNUC__;__clang__...
7/47 files checked 50% done
Checking src/bterowdata.cc ...
Checking src/bterowdata.cc: BTE_DEBUG...
Checking src/bterowdata.cc: BTE_DEBUG;__GNUC__...
Checking src/bterowdata.cc: G_HAVE_GNUC_VARARGS=0;__GNUC__...
Checking src/bterowdata.cc: __clang__...
8/47 files checked 50% done
Checking src/bteseq.cc ...
Checking src/bteseq.cc: BTE_COMPILATION;__BTE_BTE_H_INSIDE__;__EXCEPTIONS;__GXX_RTTI...
9/47 files checked 65% done
Checking src/btespawn.cc ...
src/btespawn.cc:51:15: style: C-style pointer casting [cstyleCast]
  char *buf = (char *) vbuf;
              ^
src/btespawn.cc:109:20: style: C-style pointer casting [cstyleCast]
  argv_buffer[0] = (char *) "/bin/sh";
                   ^
src/btespawn.cc:110:20: style: C-style pointer casting [cstyleCast]
  argv_buffer[1] = (char *) file;
                   ^
Checking src/btespawn.cc: ENOTDIR...
Checking src/btespawn.cc: ESTALE...
10/47 files checked 66% done
Checking src/btestream.cc ...
src/btestream-file.h:400:55: error: syntax error [syntaxError]
        g_assert_cmpuint (offset % BTE_SNAKE_BLOCKSIZE, ==, 0);
                                                      ^
Checking src/btestream.cc: BTESTREAM_MAIN...
Checking src/btestream.cc: BTESTREAM_MAIN;WITH_GNUTLS...
Checking src/btestream.cc: BTESTREAM_MAIN;__clang__...
Checking src/btestream.cc: BTE_DEBUG...
Checking src/btestream.cc: BTE_DEBUG;__GNUC__...
Checking src/btestream.cc: FALLOC_FL_PUNCH_HOLE...
Checking src/btestream.cc: G_HAVE_GNUC_VARARGS=0;__GNUC__...
Checking src/btestream.cc: WITH_GNUTLS...
11/47 files checked 66% done
Checking src/btetypes.cc ...
src/btetypes.hh:139:17: warning: Member variable 'coords::x' is not initialized in the constructor. [uninitMemberVar]
                coords() = default;
                ^
src/btetypes.hh:139:17: warning: Member variable 'coords::y' is not initialized in the constructor. [uninitMemberVar]
                coords() = default;
                ^
src/btetypes.hh:156:17: warning: Member variable 'extents::m_width' is not initialized in the constructor. [uninitMemberVar]
                extents() = default;
                ^
src/btetypes.hh:156:17: warning: Member variable 'extents::m_height' is not initialized in the constructor. [uninitMemberVar]
                extents() = default;
                ^
src/btetypes.hh:183:17: style: Class 'rgb' has a constructor with 1 argument that is not explicit. [noExplicitConstructor]
                rgb(PangoColor const& c) { *static_cast<PangoColor*>(this) = c; }
                ^
src/btetypes.hh:184:17: style: Class 'rgb' has a constructor with 1 argument that is not explicit. [noExplicitConstructor]
                rgb(CdkRGBA const* c);
                ^
src/btetypes.hh:185:17: style: Class 'rgb' has a constructor with 1 argument that is not explicit. [noExplicitConstructor]
                rgb(CdkRGBA const& c) : rgb(&c) { }
                ^
src/btetypes.cc:50:20: style: C-style pointer casting [cstyleCast]
 char *spec_copy = (char *)spec;
                   ^
src/btetypes.cc:58:15: style: Variable 'ptr' can be declared as pointer to const [constVariablePointer]
  char *cur, *ptr;
              ^
Checking src/btetypes.cc: BTE_DEBUG...
Checking src/btetypes.cc: BTE_DEBUG;MAIN...
src/btetypes.cc:169:33: error: syntax error [syntaxError]
        g_assert_cmpint(p2.row(), ==, 256);
                                ^
Checking src/btetypes.cc: MAIN...
12/47 files checked 67% done
Checking src/bteunistr.cc ...
src/bteunistr.cc:188:31: error: syntax error [syntaxError]
        g_assert_cmpint(a->len, >=, 1);
                              ^
13/47 files checked 67% done
Checking src/bteutils.cc ...
Checking src/bteutils.cc: O_NOATIME...
Checking src/bteutils.cc: __linux__...
14/47 files checked 67% done
Checking src/chunk.cc ...
src/chunk.hh:59:9: warning: Member variable 'Chunk::dataminusone' is not initialized in the constructor. [uninitMemberVar]
        Chunk() = default;
        ^
src/chunk.hh:59:9: warning: Member variable 'Chunk::data' is not initialized in the constructor. [uninitMemberVar]
        Chunk() = default;
        ^
15/47 files checked 67% done
Checking src/debug.cc ...
Checking src/debug.cc: BTE_DEBUG...
Checking src/debug.cc: BTE_DEBUG;__GNUC__...
Checking src/debug.cc: G_HAVE_GNUC_VARARGS=0;__GNUC__...
16/47 files checked 68% done
Checking src/decoder-cat.cc ...
src/glib-glue.hh:89:9: error: There is an unknown macro here somewhere. Configuration is required. If G_GNUC_PRINTF is a macro then please configure it. [unknownMacro]
        G_GNUC_PRINTF(4, 5)
        ^
Checking src/decoder-cat.cc: BTE_DEBUG...
Checking src/decoder-cat.cc: BTE_DEBUG;__GNUC__...
Checking src/decoder-cat.cc: G_HAVE_GNUC_VARARGS=0;__GNUC__...
Checking src/decoder-cat.cc: WITH_ICU...
17/47 files checked 69% done
Checking src/drawing-cairo.cc ...
Checking src/drawing-cairo.cc: BTE_DEBUG...
Checking src/drawing-cairo.cc: BTE_DEBUG;__GNUC__...
Checking src/drawing-cairo.cc: G_HAVE_GNUC_VARARGS=0;__GNUC__...
Checking src/drawing-cairo.cc: WITH_FRIBIDI...
Checking src/drawing-cairo.cc: __clang__...
18/47 files checked 70% done
Checking src/dumpkeys.c ...
Checking src/dumpkeys.c: HAVE_SYS_SELECT_H...
Checking src/dumpkeys.c: HAVE_SYS_TERMIOS_H...
Checking src/dumpkeys.c: HAVE_SYS_TYPES_H...
Checking src/dumpkeys.c: HAVE_TERMIOS_H...
19/47 files checked 71% done
Checking src/fonts-pangocairo.cc ...
src/fonts-pangocairo.cc:0:0: information: Limiting analysis of branches. Use --check-level=exhaustive to analyze all branches. [normalCheckLevelMaxBranches]

^
src/fonts-pangocairo.hh:122:9: style: Class 'FontInfo' has a constructor with 1 argument that is not explicit. [noExplicitConstructor]
        FontInfo(PangoContext* context);
        ^
src/fonts-pangocairo.cc:105:15: style: C-style pointer casting [cstyleCast]
 glyph_item = (PangoGlyphItem *)line->runs->data;
              ^
src/fonts-pangocairo.cc:110:50: style: C-style pointer casting [cstyleCast]
 scaled_font = pango_cairo_font_get_scaled_font ((PangoCairoFont *) pango_font);
                                                 ^
src/fonts-pangocairo.cc:277:22: style: C-style pointer casting [cstyleCast]
 g_object_set_qdata ((GObject *) context,
                     ^
src/fonts-pangocairo.cc:285:47: style: C-style pointer casting [cstyleCast]
 return GPOINTER_TO_UINT (g_object_get_qdata ((GObject *) context,
                                              ^
src/fonts-pangocairo.cc:421:47: style: C-style pointer casting [cstyleCast]
  ufi->using_pango_layout_line.line->layout = (PangoLayout *)g_object_ref(m_layout.get());
                                              ^
src/fonts-pangocairo.cc:424:32: style: C-style pointer casting [cstyleCast]
  PangoGlyphItem *glyph_item = (PangoGlyphItem *)line->runs->data;
                               ^
src/fonts-pangocairo.cc:435:73: style: C-style pointer casting [cstyleCast]
   cairo_scaled_font_t *scaled_font = pango_cairo_font_get_scaled_font ((PangoCairoFont *) pango_font);
                                                                        ^
src/fonts-pangocairo.cc:449:54: style: C-style pointer casting [cstyleCast]
   ufi->using_pango_glyph_string.font = pango_font ? (PangoFont *)g_object_ref (pango_font) : NULL;
                                                     ^
Checking src/fonts-pangocairo.cc: BTE_DEBUG...
src/fonts-pangocairo.cc:166:6: style: C-style pointer casting [cstyleCast]
     (void*)this, m_coverage_count[0]);
     ^
src/fonts-pangocairo.cc:214:6: style: C-style pointer casting [cstyleCast]
     (void*)this, m_width, m_height, m_ascent);
     ^
src/fonts-pangocairo.cc:221:6: style: C-style pointer casting [cstyleCast]
     (void*)this);
     ^
src/fonts-pangocairo.cc:248:6: style: C-style pointer casting [cstyleCast]
     (void*)this,
     ^
Checking src/fonts-pangocairo.cc: BTE_DEBUG;__GNUC__...
Checking src/fonts-pangocairo.cc: G_HAVE_GNUC_VARARGS=0;__GNUC__...
20/47 files checked 72% done
Checking src/icu-converter.cc ...
src/icu-decoder.hh:37:9: warning: Member variable 'ICUDecoder::m_u32_buffer' is not initialized in the constructor. [uninitMemberVar]
        ICUDecoder(converter_shared_type charset_converter,
        ^
src/icu-decoder.hh:37:9: warning: Member variable 'ICUDecoder::m_u16_buffer' is not initialized in the constructor. [uninitMemberVar]
        ICUDecoder(converter_shared_type charset_converter,
        ^
src/icu-converter.cc:39:14: style: Local variable 'charset_converter' shadows outer function [shadowFunction]
        auto charset_converter = bte::base::make_icu_converter(charset, error);
             ^
src/icu-converter.hh:60:14: note: Shadowed declaration
        auto charset_converter() noexcept { return m_charset_converter.get(); }
             ^
src/icu-converter.cc:39:14: note: Shadow variable
        auto charset_converter = bte::base::make_icu_converter(charset, error);
             ^
src/icu-converter.cc:43:14: style: Local variable 'u32_converter' shadows outer function [shadowFunction]
        auto u32_converter = bte::base::make_icu_converter("utf32platformendian", error);
             ^
src/icu-converter.hh:61:14: note: Shadowed declaration
        auto u32_converter() noexcept     { return m_u32_converter.get();     }
             ^
src/icu-converter.cc:43:14: note: Shadow variable
        auto u32_converter = bte::base::make_icu_converter("utf32platformendian", error);
             ^
src/icu-converter.cc:47:14: style: Local variable 'u8_converter' shadows outer function [shadowFunction]
        auto u8_converter = bte::base::make_icu_converter("utf8", error);
             ^
src/icu-converter.hh:62:14: note: Shadowed declaration
        auto u8_converter() noexcept      { return m_u8_converter.get();      }
             ^
src/icu-converter.cc:47:14: note: Shadow variable
        auto u8_converter = bte::base::make_icu_converter("utf8", error);
             ^
Checking src/icu-converter.cc: BTE_DEBUG...
Checking src/icu-converter.cc: BTE_DEBUG;__GNUC__...
Checking src/icu-converter.cc: G_HAVE_GNUC_VARARGS=0;__GNUC__...
21/47 files checked 72% done
Checking src/icu-decoder.cc ...
22/47 files checked 72% done
Checking src/icu-glue.cc ...
23/47 files checked 73% done
Checking src/keymap.cc ...
src/keymap.cc:763:35: style: C-style pointer casting [cstyleCast]
                        *normal = (char*)g_memdup(entries[i].normal,
                                  ^
Checking src/keymap.cc: BTE_DEBUG...
Checking src/keymap.cc: BTE_DEBUG;__GNUC__...
Checking src/keymap.cc: G_HAVE_GNUC_VARARGS=0;__GNUC__...
24/47 files checked 75% done
Checking src/mev.c ...
src/mev.c:0:0: information: Limiting analysis of branches. Use --check-level=exhaustive to analyze all branches. [normalCheckLevelMaxBranches]

^
src/mev.c:192:19: style: Parameter 'data' can be declared as pointer to const [constParameterPointer]
parse_esc(guint8 *data,
                  ^
Checking src/mev.c: HAVE_SYS_SELECT_H...
Checking src/mev.c: HAVE_SYS_TERMIOS_H...
Checking src/mev.c: HAVE_TERMIOS_H...
25/47 files checked 75% done
Checking src/minifont.cc ...
src/minifont.cc:0:0: information: Limiting analysis of branches. Use --check-level=exhaustive to analyze all branches. [normalCheckLevelMaxBranches]

^
src/minifont.cc:993:31: style: Variable 'coords' can be declared as const array [constVariable]
                static int8_t coords[] = { 0, 0,  1, 1,  1, 0,  0, 1,  -1 };
                              ^
Checking src/minifont.cc: BTE_DEBUG...
26/47 files checked 78% done
Checking src/missing.cc ...
src/missing.cc:206:19: style: C-style pointer casting [cstyleCast]
        char *p = (char *) s;
                  ^
Checking src/missing.cc: HAVE_SYS_RESOURCE_H...
Checking src/missing.cc: HAVE_SYS_RESOURCE_H;__GLIBC__...
Checking src/missing.cc: HAVE_SYS_RESOURCE_H;__linux__...
src/missing.cc:0:0: information: Limiting analysis of branches. Use --check-level=exhaustive to analyze all branches. [normalCheckLevelMaxBranches]

^
src/missing.cc:163:50: portability: Undefined behaviour, pointer arithmetic 'buf+pos' is out of bounds. [pointerOutOfBounds]
              de = (struct linux_dirent64 *)(buf + pos);
                                                 ^
src/missing.cc:163:21: style: C-style pointer casting [cstyleCast]
              de = (struct linux_dirent64 *)(buf + pos);
                    ^
src/missing.cc:157:30: style: Variable 'de' can be declared as pointer to const [constVariablePointer]
      struct linux_dirent64 *de;
                             ^
Checking src/missing.cc: __APPLE__;__FreeBSD__;__OpenBSD__...
Checking src/missing.cc: __linux__...
27/47 files checked 78% done
Checking src/modes-test.cc ...
src/modes-test.cc:47:42: error: syntax error [syntaxError]
        g_assert_cmpuint(copy.get_modes(), ==, modes.get_modes());
                                         ^
Checking src/modes-test.cc: MODE;MODE_FIXED...
28/47 files checked 79% done
Checking src/parser-cat.cc ...
src/parser-glue.hh:740:44: error: syntax error [syntaxError]
                g_assert_cmpuint(seq.type(), ==, m_seq.type);
                                           ^
Checking src/parser-cat.cc: BTE_DEBUG...
Checking src/parser-cat.cc: BTE_DEBUG;__GNUC__...
Checking src/parser-cat.cc: G_HAVE_GNUC_VARARGS=0;__GNUC__...
29/47 files checked 81% done
Checking src/parser-test.cc ...
Checking src/parser-test.cc: PARSER_INCLUDE_NOP...
Checking src/parser-test.cc: _BTE_NGR;_BTE_SGR...
30/47 files checked 84% done
Checking src/parser.cc ...
src/parser-string.hh:48:20: style: C-style pointer casting [cstyleCast]
        str->buf = (uint32_t*)g_malloc0_n(str->capacity, sizeof(uint32_t));
                   ^
src/parser-string.hh:79:20: style: C-style pointer casting [cstyleCast]
        str->buf = (uint32_t*)g_realloc_n(str->buf, str->capacity, sizeof(uint32_t));
                   ^
src/parser.cc:536:26: style: Parameter 'parser' can be declared as pointer to const [constParameterPointer]
parser_nop(bte_parser_t* parser,
                         ^
src/parser.cc:624:28: style: Parameter 'parser' can be declared as pointer to const. However it seems that 'parser_clear' is a callback function, if 'parser' is declared with const you might also need to cast function pointer(s). [constParameterCallback]
parser_clear(bte_parser_t* parser,
                           ^
src/parser.cc:1430:53: note: You might need to cast the function pointer here
                                         STATE_SCI, ACTION_CLEAR);
                                                    ^
src/parser.cc:624:28: note: Parameter 'parser' can be declared as pointer to const
parser_clear(bte_parser_t* parser,
                           ^
src/parser-string.hh:109:60: style: Parameter 'str' can be declared as pointer to const [constParameterPointer]
static inline void bte_seq_string_finish(bte_seq_string_t* str)
                                                           ^
Checking src/parser.cc: PARSER_EXTRA_CLEAN...
src/parser.cc:661:53: error: syntax error [syntaxError]
                g_assert_cmpuint(parser->seq.args[n], ==, BTE_SEQ_ARG_INIT_DEFAULT);
                                                    ^
Checking src/parser.cc: PARSER_INCLUDE_NOP...
Checking src/parser.cc: _BTE_CMD;_BTE_NOP...
Checking src/parser.cc: _BTE_NGR;_BTE_SGR...
31/47 files checked 87% done
Checking src/pty.cc ...
Checking src/pty.cc: BTE_COMPILATION...
src/bte/btepty.h:96:1: error: There is an unknown macro here somewhere. Configuration is required. If G_DEFINE_AUTOPTR_CLEANUP_FUNC is a macro then please configure it. [unknownMacro]
G_DEFINE_AUTOPTR_CLEANUP_FUNC(BtePty, g_object_unref)
^
Checking src/pty.cc: BTE_COMPILATION;__BTE_BTE_H_INSIDE__...
32/47 files checked 88% done
Checking src/reaper.cc ...
src/reaper.cc:42:1: error: There is an unknown macro here somewhere. Configuration is required. If G_DEFINE_TYPE is a macro then please configure it. [unknownMacro]
G_DEFINE_TYPE(BteReaper, bte_reaper, G_TYPE_OBJECT)
^
Checking src/reaper.cc: BTE_DEBUG...
Checking src/reaper.cc: BTE_DEBUG;__GNUC__...
Checking src/reaper.cc: G_HAVE_GNUC_VARARGS=0;__GNUC__...
Checking src/reaper.cc: MAIN...
33/47 files checked 89% done
Checking src/reflect.c ...
src/reflect.c:217:27: style: Parameter 'terminal' can be declared as pointer to const [constParameterPointer]
terminal_shell(CtkWidget *terminal)
                          ^
src/reflect.c:230:32: style: Parameter 'terminal' can be declared as pointer to const [constParameterPointer]
terminal_adjustment(CtkWidget *terminal)
                               ^
Checking src/reflect.c: BTE_DEBUG...
Checking src/reflect.c: USE_BTE...
Checking src/reflect.c: USE_TEXT_VIEW...
src/reflect.c:44:37: style: Parameter 'widget' can be declared as pointer to const [constParameterPointer]
terminal_shell_text_view(CtkWidget *widget)
                                    ^
34/47 files checked 89% done
Checking src/refptr-test.cc ...
src/refptr-test.cc:37:1: error: There is an unknown macro here somewhere. Configuration is required. If G_DEFINE_TYPE is a macro then please configure it. [unknownMacro]
G_DEFINE_TYPE(TestObject, test_object, G_TYPE_OBJECT)
^
Checking src/refptr-test.cc: BTE_DEBUG...
35/47 files checked 90% done
Checking src/regex.cc ...
Checking src/regex.cc: BTE_COMPILATION...
src/bte/bteregex.h:77:1: error: There is an unknown macro here somewhere. Configuration is required. If G_DEFINE_AUTOPTR_CLEANUP_FUNC is a macro then please configure it. [unknownMacro]
G_DEFINE_AUTOPTR_CLEANUP_FUNC(BteRegex, bte_regex_unref)
^
Checking src/regex.cc: BTE_COMPILATION;__BTE_BTE_H_INSIDE__...
36/47 files checked 90% done
Checking src/ring.cc ...
Checking src/ring.cc: BTE_DEBUG...
Checking src/ring.cc: BTE_DEBUG;__GNUC__...
Checking src/ring.cc: G_HAVE_GNUC_VARARGS=0;__GNUC__...
Checking src/ring.cc: __clang__...
37/47 files checked 93% done
Checking src/ringview.cc ...
Checking src/ringview.cc: BTE_COMPILATION;__BTE_BTE_H_INSIDE__;__EXCEPTIONS;__GXX_RTTI...
38/47 files checked 94% done
Checking src/slowcat.c ...
src/slowcat.c:0:0: information: Limiting analysis of branches. Use --check-level=exhaustive to analyze all branches. [normalCheckLevelMaxBranches]

^
39/47 files checked 94% done
Checking src/spawn.cc ...
Checking src/spawn.cc: BTE_COMPILATION...
Checking src/spawn.cc: BTE_COMPILATION;__BTE_BTE_H_INSIDE__...
40/47 files checked 96% done
Checking src/systemd.cc ...
Checking src/systemd.cc: BTE_DEBUG...
41/47 files checked 96% done
Checking src/tabstops-test.cc ...
src/tabstops.hh:142:50: error: syntax error [syntaxError]
                g_assert_cmpuint(new_capacity % 2, ==, 0);
                                                 ^
42/47 files checked 97% done
Checking src/urlencode.cc ...
src/urlencode.cc:44:20: style: Redundant initialization for 'ch'. The initialized value is overwritten before it is read. [redundantInitialization]
        while ((ch = *pwd++ & 0xff)) {
                   ^
src/urlencode.cc:43:17: note: ch is initialized
        auto ch = int{};
                ^
src/urlencode.cc:44:20: note: ch is overwritten
        while ((ch = *pwd++ & 0xff)) {
                   ^
43/47 files checked 97% done
Checking src/utf8-test.cc ...
src/utf8-test.cc:46:38: error: syntax error [syntaxError]
                g_assert_cmpint(state, ==, UTF8Decoder::ACCEPT);
                                     ^
44/47 files checked 98% done
Checking src/utf8.cc ...
45/47 files checked 98% done
Checking src/widget.cc ...
Checking src/widget.cc: BTE_COMPILATION;__BTE_BTE_H_INSIDE__;__EXCEPTIONS;__GXX_RTTI...
Checking src/widget.cc: BTE_COMPILATION;__EXCEPTIONS;__GXX_RTTI...
46/47 files checked 99% done
Checking src/xticker.c ...
47/47 files checked 100% done
nofile:0:0: information: Active checkers: There was critical errors (use --checkers-report=<filename> to see details) [checkersReport]

scan-build: Using '/usr/lib/llvm-16/bin/clang' for static analysis
The Meson build system
Version: 1.5.1
Source dir: /rootdir
Build dir: /rootdir/_build
Build type: native build
Project name: bte
Project version: 0.65.0
C compiler for the host machine: /usr/share/clang/scan-build-16/bin/../libexec/ccc-analyzer (gcc 13.3.0 "gcc (Debian 13.3.0-3) 13.3.0")
C linker for the host machine: /usr/share/clang/scan-build-16/bin/../libexec/ccc-analyzer ld.bfd 2.42.90.20240720
C++ compiler for the host machine: /usr/share/clang/scan-build-16/bin/../libexec/c++-analyzer (gcc 13.3.0 "g++ (Debian 13.3.0-3) 13.3.0")
C++ linker for the host machine: /usr/share/clang/scan-build-16/bin/../libexec/c++-analyzer ld.bfd 2.42.90.20240720
Host machine cpu family: x86_64
Host machine cpu: x86_64
Has header "locale.h" : YES 
Has header "pty.h" : YES 
Has header "stropts.h" : NO 
Has header "sys/resource.h" : YES 
Has header "sys/select.h" : YES 
Has header "sys/syslimits.h" : NO 
Has header "sys/termios.h" : YES 
Has header "sys/types.h" : YES 
Has header "sys/wait.h" : YES 
Has header "termios.h" : YES 
Has header "util.h" : NO 
Has header "wchar.h" : YES 
Header "sys/ioctl.h" has symbol "TIOCGWINSZ" : YES 
Checking for function "fork" : YES 
Checking for function "grantpt" : YES 
Checking for function "posix_openpt" : YES 
Checking for function "ptsname" : YES 
Checking for function "tcgetattr" : YES 
Checking for function "unlockpt" : YES 
Checking for function "explicit_bzero" : YES 
Checking for function "fdwalk" : NO 
Checking for function "pread" : YES 
Checking for function "pwrite" : YES 
Checking for function "strchrnul" : YES 
Library m found: YES
Checking for function "ceil" with dependency -lm: YES 
Checking for function "floor" with dependency -lm: YES 
Checking for function "round" with dependency -lm: YES 
Compiler for C supports arguments -Wall: YES 
Compiler for C supports arguments -Wextra: YES 
Compiler for C supports arguments -Wcast-align: YES 
Compiler for C supports arguments -Wcast-function-type: YES 
Compiler for C supports arguments -Wclobbered: YES 
Compiler for C supports arguments -Wempty-body: YES 
Compiler for C supports arguments -Wendif-labels: YES 
Compiler for C supports arguments -Werror=init-self: YES 
Compiler for C supports arguments -Werror=missing-include-dirs: YES 
Compiler for C supports arguments -Werror=pointer-arith: YES 
Compiler for C supports arguments -Wfloat-equal: YES 
Compiler for C supports arguments -Wignored-qualifiers: YES 
Compiler for C supports arguments -Winvalid-pch: YES 
Compiler for C supports arguments -Wlogical-op: YES 
Compiler for C supports arguments -Wmisleading-indentation: YES 
Compiler for C supports arguments -Wmissing-declarations: YES 
Compiler for C supports arguments -Wmissing-field-initializers: YES 
Compiler for C supports arguments -Wmissing-format-attribute: YES 
Compiler for C supports arguments -Wmissing-include-dirs: YES 
Compiler for C supports arguments -Wmissing-noreturn: YES 
Compiler for C supports arguments -Wno-address-of-packed-member: YES 
Compiler for C supports arguments -Wno-missing-field-initializers: YES 
Compiler for C supports arguments -Wno-packed: YES 
Compiler for C supports arguments -Wno-switch-enum: YES 
Compiler for C supports arguments -Wno-unused-parameter: YES 
Compiler for C supports arguments -Wshadow: YES 
Compiler for C supports arguments -Wshift-negative-value: YES 
Compiler for C supports arguments -Wsign-compare: YES 
Compiler for C supports arguments -Wstrict-aliasing=2: YES 
Compiler for C supports arguments -Wtype-limits: YES 
Compiler for C supports arguments -Wundef: YES 
Compiler for C supports arguments -Wuninitialized: YES 
Compiler for C supports arguments -Wuninitialized: YES (cached)
Compiler for C supports arguments -Wunsafe-loop-optimizations: YES 
Compiler for C supports arguments -Wunused: YES 
Compiler for C supports arguments -Wunused-but-set-parameter: YES 
Compiler for C supports arguments -Wunused-but-set-variable: YES 
Compiler for C supports arguments -Wunused-function: YES 
Compiler for C supports arguments -Wunused-label: YES 
Compiler for C supports arguments -Wunused-local-typedefs: YES 
Compiler for C supports arguments -Wunused-value: YES 
Compiler for C supports arguments -Wunused-variable: YES 
Compiler for C supports arguments -Wvla: YES 
Compiler for C supports arguments -Wwrite-strings: YES 
Compiler for C supports arguments -fdiagnostics-show-option: YES 
Compiler for C supports arguments -fno-common: YES 
Compiler for C supports arguments -fno-semantic-interposition: YES 
Compiler for C supports arguments -fstack-protector: YES 
Compiler for C supports arguments -fstack-protector-strong: YES 
Compiler for C supports arguments -fno-strict-aliasing: YES 
Compiler for C supports arguments -Waggregate-return: YES 
Compiler for C supports arguments -Werror=implicit-function-declaration: YES 
Compiler for C supports arguments -Werror=missing-prototypes: YES 
Compiler for C supports arguments -Wimplicit: YES 
Compiler for C supports arguments -Wimplicit-fallthrough=3: YES 
Compiler for C supports arguments -Wmissing-parameter-type: YES 
Compiler for C supports arguments -Wnested-externs: YES 
Compiler for C supports arguments -Wold-style-declaration: YES 
Compiler for C supports arguments -Wold-style-definition: YES 
Compiler for C supports arguments -Woverride-init: YES 
Compiler for C supports arguments -Wsign-compare: YES (cached)
Compiler for C supports arguments -Wstrict-prototypes: YES 
Compiler for C++ supports arguments -Wall: YES 
Compiler for C++ supports arguments -Wextra: YES 
Compiler for C++ supports arguments -Wcast-align: YES 
Compiler for C++ supports arguments -Wcast-function-type: YES 
Compiler for C++ supports arguments -Wclobbered: YES 
Compiler for C++ supports arguments -Wempty-body: YES 
Compiler for C++ supports arguments -Wendif-labels: YES 
Compiler for C++ supports arguments -Werror=init-self: YES 
Compiler for C++ supports arguments -Werror=missing-include-dirs: YES 
Compiler for C++ supports arguments -Werror=pointer-arith: YES 
Compiler for C++ supports arguments -Wfloat-equal: YES 
Compiler for C++ supports arguments -Wignored-qualifiers: YES 
Compiler for C++ supports arguments -Winvalid-pch: YES 
Compiler for C++ supports arguments -Wlogical-op: YES 
Compiler for C++ supports arguments -Wmisleading-indentation: YES 
Compiler for C++ supports arguments -Wmissing-declarations: YES 
Compiler for C++ supports arguments -Wmissing-field-initializers: YES 
Compiler for C++ supports arguments -Wmissing-format-attribute: YES 
Compiler for C++ supports arguments -Wmissing-include-dirs: YES 
Compiler for C++ supports arguments -Wmissing-noreturn: YES 
Compiler for C++ supports arguments -Wno-address-of-packed-member: YES 
Compiler for C++ supports arguments -Wno-missing-field-initializers: YES 
Compiler for C++ supports arguments -Wno-packed: YES 
Compiler for C++ supports arguments -Wno-switch-enum: YES 
Compiler for C++ supports arguments -Wno-unused-parameter: YES 
Compiler for C++ supports arguments -Wshadow: YES 
Compiler for C++ supports arguments -Wshift-negative-value: YES 
Compiler for C++ supports arguments -Wsign-compare: YES 
Compiler for C++ supports arguments -Wstrict-aliasing=2: YES 
Compiler for C++ supports arguments -Wtype-limits: YES 
Compiler for C++ supports arguments -Wundef: YES 
Compiler for C++ supports arguments -Wuninitialized: YES 
Compiler for C++ supports arguments -Wuninitialized: YES (cached)
Compiler for C++ supports arguments -Wunsafe-loop-optimizations: YES 
Compiler for C++ supports arguments -Wunused: YES 
Compiler for C++ supports arguments -Wunused-but-set-parameter: YES 
Compiler for C++ supports arguments -Wunused-but-set-variable: YES 
Compiler for C++ supports arguments -Wunused-function: YES 
Compiler for C++ supports arguments -Wunused-label: YES 
Compiler for C++ supports arguments -Wunused-local-typedefs: YES 
Compiler for C++ supports arguments -Wunused-value: YES 
Compiler for C++ supports arguments -Wunused-variable: YES 
Compiler for C++ supports arguments -Wvla: YES 
Compiler for C++ supports arguments -Wwrite-strings: YES 
Compiler for C++ supports arguments -fdiagnostics-show-option: YES 
Compiler for C++ supports arguments -fno-common: YES 
Compiler for C++ supports arguments -fno-semantic-interposition: YES 
Compiler for C++ supports arguments -fstack-protector: YES 
Compiler for C++ supports arguments -fstack-protector-strong: YES 
Compiler for C++ supports arguments -fno-strict-aliasing: YES 
Compiler for C++ supports arguments -Wimplicit-fallthrough=5: YES 
Compiler for C++ supports arguments -Wnon-virtual-dtor: YES 
Compiler for C++ supports arguments -Wstrict-null-sentinel: YES 
Compiler for C++ supports arguments -fvisibility-inlines-hidden: YES 
Compiler for C++ supports arguments -fvisibility=hidden: YES 
Compiler for C++ supports arguments -fvisibility-inlines-hidden: YES (cached)
Compiler for C++ supports arguments -fvisibility=hidden: YES (cached)
Compiler for C supports arguments -Werror=format=2 -Werror=format-nonliteral -Werror=format-security: YES 
Compiler for C++ supports arguments -Werror=format=2 -Werror=format-nonliteral -Werror=format-security: YES 
meson.build:370: WARNING: Consider using the built-in warning_level option instead of using "-Wall".
meson.build:370: WARNING: Consider using the built-in warning_level option instead of using "-Wextra".
meson.build:371: WARNING: Consider using the built-in warning_level option instead of using "-Wall".
meson.build:371: WARNING: Consider using the built-in warning_level option instead of using "-Wextra".
Compiler for C supports link arguments -Wl,-Bsymbolic: YES 
Compiler for C++ supports link arguments -Wl,-Bsymbolic: YES 
Compiler for C supports link arguments -Wl,-Bsymbolic-functions: YES 
Compiler for C++ supports link arguments -Wl,-Bsymbolic-functions: YES 
Found pkg-config: YES (/usr/bin/pkg-config) 1.8.1
Run-time dependency gio-2.0 found: YES 2.80.4
Run-time dependency glib-2.0 found: YES 2.80.4
Run-time dependency gobject-2.0 found: YES 2.80.4
Run-time dependency pango found: YES 1.54.0
Run-time dependency libpcre2-8 found: YES 10.42
Run-time dependency threads found: YES
Run-time dependency zlib found: YES 1.3.1
Run-time dependency fribidi found: YES 1.0.15
Run-time dependency gnutls found: YES 3.8.6
Run-time dependency ctk+-3.0 found: YES 3.25.5
Run-time dependency icu-uc found: YES 72.1
Run-time dependency libsystemd found: YES 256
Configuring config.h using configuration
Dependency glib-2.0 found: YES 2.80.4 (cached)
Program /usr/bin/glib-mkenums found: YES (/usr/bin/glib-mkenums)
Dependency glib-2.0 found: YES 2.80.4 (cached)
Program /usr/bin/glib-mkenums found: YES (/usr/bin/glib-mkenums)
Configuring bteversion.h using configuration
Program box_drawing_generate.sh found: YES (/rootdir/src/box_drawing_generate.sh)
Dependency gio-2.0 found: YES 2.80.4 (cached)
Program /usr/bin/glib-compile-resources found: YES (/usr/bin/glib-compile-resources)
Dependency glib-2.0 found: YES 2.80.4 (cached)
Program /usr/bin/glib-genmarshal found: YES (/usr/bin/glib-genmarshal)
Configuring bte.csh using configuration
Configuring bte.sh using configuration
Dependency gio-2.0 found: YES 2.80.4 (cached)
Program /usr/bin/glib-compile-resources found: YES (/usr/bin/glib-compile-resources)
Run-time dependency gobject-introspection-1.0 found: YES 1.80.1
Dependency gobject-introspection-1.0 found: YES 1.80.1 (cached)
Dependency gobject-introspection-1.0 found: YES 1.80.1 (cached)
Program /usr/bin/x86_64-linux-gnu-g-ir-scanner found: YES (/usr/bin/x86_64-linux-gnu-g-ir-scanner)
Dependency gobject-introspection-1.0 found: YES 1.80.1 (cached)
Program /usr/bin/x86_64-linux-gnu-g-ir-compiler found: YES (/usr/bin/x86_64-linux-gnu-g-ir-compiler)
Program msgfmt found: YES (/usr/bin/msgfmt)
Program msginit found: YES (/usr/bin/msginit)
Program msgmerge found: YES (/usr/bin/msgmerge)
Program xgettext found: YES (/usr/bin/xgettext)
Configuring Makefile using configuration
Configuring .gitignore with command
Message: 
Configuration for BTE:

  Version:      0.65.0

  C compiler:   gcc (version 13.3.0)
  C++ compiler: gcc (version 13.3.0)

  Coverage:     false
  Debug:        false

  A11y:         true
  Docs:         false
  FRIBIDI:      true
  GNUTLS:       true
  CTK+ 3.0:     true
  ICU:          true
  GIR:          true
  systemd:      true

  Prefix:       /usr/local

Build targets in project: 130

Found ninja-1.12.1 at /usr/bin/ninja
WARNING: Running the setup command as `meson [options]` instead of `meson setup [options]` is ambiguous and deprecated.
scan-build: Analysis run complete.
scan-build: Removing directory '/tmp/scan-build-2024-08-05-222327-9071-1' because it contains no reports.
scan-build: No bugs found.
scan-build: Using '/usr/lib/llvm-16/bin/clang' for static analysis
ninja: Entering directory `_build'
[0/195] Generating GObject enum file src/bte/btetypebuiltins.h (wrapped by meson to capture output)[0/195] Generating glib marshaller header src/marshal_h[0/195] Generating src/box-drawing with a custom command (wrapped by meson to capture output)[0/195] Generating src/bteresources_c with a custom command[0/195] Generating src/bteresources_h with a custom command[0/195] Generating src/app/resources.cc_c with a custom command[1/195] Generating src/bteresources_c with a custom command[1/195] Generating src/app/resources.cc_h with a custom command[2/195] Generating src/bteresources_h with a custom command[2/195] Compiling C++ object src/decoder-cat.p/utf8.cc.o[3/195] Generating src/app/resources.cc_c with a custom command[3/195] Compiling C++ object src/decoder-cat.p/debug.cc.o[4/195] Generating glib marshaller header src/marshal_h[4/195] Generating glib marshaller source src/marshal_c[5/195] Generating src/app/resources.cc_h with a custom command[5/195] Compiling C++ object src/decoder-cat.p/decoder-cat.cc.o[6/195] Generating glib marshaller source src/marshal_c[6/195] Compiling C++ object src/decoder-cat.p/icu-converter.cc.o[7/195] Generating GObject enum file src/bte/btetypebuiltins.h (wrapped by meson to capture output)[7/195] Generating GObject enum file src/bte/btetypebuiltins.cc (wrapped by meson to capture output)[8/195] Generating GObject enum file src/bte/btetypebuiltins.cc (wrapped by meson to capture output)[8/195] Compiling C++ object src/decoder-cat.p/icu-decoder.cc.o[9/195] Generating src/box-drawing with a custom command (wrapped by meson to capture output)[9/195] Compiling C object src/libbte-2.91.so.0.6500.0.p/meson-generated_.._bteresources.c.o[10/195] Compiling C++ object src/decoder-cat.p/utf8.cc.o[10/195] Compiling C object src/libbte-2.91.so.0.6500.0.p/meson-generated_.._marshal.c.o[11/195] Compiling C++ object src/decoder-cat.p/debug.cc.o[11/195] Compiling C++ object src/libbte-2.91.so.0.6500.0.p/meson-generated_.._bte_btetypebuiltins.cc.o[12/195] Compiling C object src/libbte-2.91.so.0.6500.0.p/meson-generated_.._marshal.c.o
src/marshal.c:32: warning: macro "g_marshal_value_peek_char" is not used [-Wunused-macros]
   32 | #define g_marshal_value_peek_char(v)     (v)->data[0].v_int
      | 
src/marshal.c:47: warning: macro "g_marshal_value_peek_pointer" is not used [-Wunused-macros]
   47 | #define g_marshal_value_peek_pointer(v)  (v)->data[0].v_pointer
      | 
src/marshal.c:49: warning: macro "g_marshal_value_peek_variant" is not used [-Wunused-macros]
   49 | #define g_marshal_value_peek_variant(v)  (v)->data[0].v_pointer
      | 
src/marshal.c:39: warning: macro "g_marshal_value_peek_uint64" is not used [-Wunused-macros]
   39 | #define g_marshal_value_peek_uint64(v)   (v)->data[0].v_uint64
      | 
src/marshal.c:37: warning: macro "g_marshal_value_peek_ulong" is not used [-Wunused-macros]
   37 | #define g_marshal_value_peek_ulong(v)    (v)->data[0].v_ulong
      | 
src/marshal.c:38: warning: macro "g_marshal_value_peek_int64" is not used [-Wunused-macros]
   38 | #define g_marshal_value_peek_int64(v)    (v)->data[0].v_int64
      | 
src/marshal.c:31: warning: macro "g_marshal_value_peek_boolean" is not used [-Wunused-macros]
   31 | #define g_marshal_value_peek_boolean(v)  (v)->data[0].v_int
      | 
src/marshal.c:34: warning: macro "g_marshal_value_peek_int" is not used [-Wunused-macros]
   34 | #define g_marshal_value_peek_int(v)      (v)->data[0].v_int
      | 
src/marshal.c:33: warning: macro "g_marshal_value_peek_uchar" is not used [-Wunused-macros]
   33 | #define g_marshal_value_peek_uchar(v)    (v)->data[0].v_uint
      | 
src/marshal.c:43: warning: macro "g_marshal_value_peek_double" is not used [-Wunused-macros]
   43 | #define g_marshal_value_peek_double(v)   (v)->data[0].v_double
      | 
src/marshal.c:36: warning: macro "g_marshal_value_peek_long" is not used [-Wunused-macros]
   36 | #define g_marshal_value_peek_long(v)     (v)->data[0].v_long
      | 
src/marshal.c:40: warning: macro "g_marshal_value_peek_enum" is not used [-Wunused-macros]
   40 | #define g_marshal_value_peek_enum(v)     (v)->data[0].v_long
      | 
src/marshal.c:48: warning: macro "g_marshal_value_peek_object" is not used [-Wunused-macros]
   48 | #define g_marshal_value_peek_object(v)   (v)->data[0].v_pointer
      | 
src/marshal.c:42: warning: macro "g_marshal_value_peek_float" is not used [-Wunused-macros]
   42 | #define g_marshal_value_peek_float(v)    (v)->data[0].v_float
      | 
src/marshal.c:45: warning: macro "g_marshal_value_peek_param" is not used [-Wunused-macros]
   45 | #define g_marshal_value_peek_param(v)    (v)->data[0].v_pointer
      | 
src/marshal.c:41: warning: macro "g_marshal_value_peek_flags" is not used [-Wunused-macros]
   41 | #define g_marshal_value_peek_flags(v)    (v)->data[0].v_ulong
      | 
[12/195] Compiling C++ object src/libbte-2.91.so.0.6500.0.p/debug.cc.o[13/195] Compiling C object src/libbte-2.91.so.0.6500.0.p/meson-generated_.._bteresources.c.o
src/bteresources.c:49: warning: macro "__G_CONSTRUCTOR_H__" is not used [-Wunused-macros]
   49 | #define __G_CONSTRUCTOR_H__
      | 
[13/195] Compiling C++ object src/libbte-2.91.so.0.6500.0.p/parser.cc.o[14/195] Compiling C++ object src/libbte-2.91.so.0.6500.0.p/debug.cc.o[14/195] Compiling C++ object src/libbte-2.91.so.0.6500.0.p/pty.cc.o[15/195] Compiling C++ object src/decoder-cat.p/icu-decoder.cc.o
../src/icu-decoder.cc:108:35: warning: This statement is never executed [alpha.deadcode.UnreachableCode]
                        m_state = State::eError;
                                  ^~~~~~~~~~~~~
1 warning generated.
[15/195] Compiling C++ object src/libbte-2.91.so.0.6500.0.p/btepty.cc.o[16/195] Compiling C++ object src/decoder-cat.p/icu-converter.cc.o
../src/icu-converter.cc:121:9: warning: Value stored to 'target_size' is never read [deadcode.DeadStores]
        target_size = ucnv_fromUChars(m_charset_converter.get(),
        ^             ~~~~~~~~~~~~~~~~~~~~~~~~~~~~~~~~~~~~~~~~~~
1 warning generated.
[16/195] Compiling C++ object src/libbte-2.91.so.0.6500.0.p/regex.cc.o[17/195] Compiling C++ object src/libbte-2.91.so.0.6500.0.p/meson-generated_.._bte_btetypebuiltins.cc.o[17/195] Compiling C++ object src/libbte-2.91.so.0.6500.0.p/utf8.cc.o[18/195] Compiling C++ object src/libbte-2.91.so.0.6500.0.p/utf8.cc.o[18/195] Compiling C++ object src/libbte-2.91.so.0.6500.0.p/bidi.cc.o[19/195] Compiling C++ object src/libbte-2.91.so.0.6500.0.p/parser.cc.o
../src/parser.cc:105: warning: macro "BTE_SEQ_PARAMETER_MASK" is not used [-Wunused-macros]
  105 | #define BTE_SEQ_PARAMETER_MASK         ((1U << BTE_SEQ_PARAMETER_BITS) - 1U)
      | 
../src/parser.cc:106: warning: macro "BTE_SEQ_PARAMETER" is not used [-Wunused-macros]
  106 | #define BTE_SEQ_PARAMETER(u)           ((u) & BTE_SEQ_PARAMETER_MASK)
      | 
../src/parser.cc:107: warning: macro "BTE_SEQ_REMOVE_PARAMETER" is not used [-Wunused-macros]
  107 | #define BTE_SEQ_REMOVE_PARAMETER(u)    ((u) >> BTE_SEQ_PARAMETER_BITS)
      | 
../src/parser.cc:1389:9: warning: This statement is never executed [alpha.deadcode.UnreachableCode]
        g_assert_not_reached();
        ^~~~~~~~~~~~~~~~~~~~~~
/usr/include/glib-2.0/glib/gtestutils.h:274:136: note: expanded from macro 'g_assert_not_reached'
#define g_assert_not_reached()          G_STMT_START { g_assertion_message_expr (G_LOG_DOMAIN, __FILE__, __LINE__, G_STRFUNC, NULL); } G_STMT_END
                                                                                                                                       ^~~~~~~~~~
/usr/include/glib-2.0/glib/gmacros.h:993:30: note: expanded from macro 'G_STMT_END'
#define G_STMT_END    while (0)
                             ^
1 warning generated.
[19/195] Compiling C++ object src/libbte-2.91.so.0.6500.0.p/chunk.cc.o[20/195] Compiling C++ object src/libbte-2.91.so.0.6500.0.p/regex.cc.o[20/195] Compiling C++ object src/libbte-2.91.so.0.6500.0.p/drawing-cairo.cc.o[21/195] Compiling C++ object src/libbte-2.91.so.0.6500.0.p/chunk.cc.o[21/195] Compiling C++ object src/libbte-2.91.so.0.6500.0.p/fonts-pangocairo.cc.o[22/195] Compiling C++ object src/libbte-2.91.so.0.6500.0.p/pty.cc.o
../src/pty.cc:189:22: warning: Value stored to 'errsv' during its initialization is never read [deadcode.DeadStores]
                auto errsv = bte::libc::ErrnoSaver{};
                     ^~~~~   ~~~~~~~~~~~~~~~~~~~~~~~
../src/pty.cc:211:30: warning: Value stored to 'errsv' during its initialization is never read [deadcode.DeadStores]
                        auto errsv = bte::libc::ErrnoSaver{};
                             ^~~~~   ~~~~~~~~~~~~~~~~~~~~~~~
../src/pty.cc:229:30: warning: Value stored to 'errsv' during its initialization is never read [deadcode.DeadStores]
                        auto errsv = bte::libc::ErrnoSaver{};
                             ^~~~~   ~~~~~~~~~~~~~~~~~~~~~~~
3 warnings generated.
[22/195] Compiling C++ object src/libbte-2.91.so.0.6500.0.p/keymap.cc.o[23/195] Compiling C++ object src/decoder-cat.p/decoder-cat.cc.o
../src/decoder-cat.cc:529:39: warning: Division by zero [core.DivideZero]
                           total_time / (int64_t)m_bench_times->len);
                           ~~~~~~~~~~~^~~~~~~~~~~~~~~~~~~~~~~~~~~~~
1 warning generated.
[23/195] Compiling C++ object src/libbte-2.91.so.0.6500.0.p/minifont.cc.o[24/195] Compiling C++ object src/libbte-2.91.so.0.6500.0.p/drawing-cairo.cc.o
../src/drawing-cairo.cc:39: warning: macro "BTE_DRAW_BOLD_ITALIC" is not used [-Wunused-macros]
   39 | #define BTE_DRAW_BOLD_ITALIC 3
      | 
../src/drawing-cairo.cc:356:3: warning: Value stored to 'n_cr_glyphs' is never read [deadcode.DeadStores]
                n_cr_glyphs = 0;
                ^             ~
1 warning generated.
[24/195] Compiling C++ object src/libbte-2.91.so.0.6500.0.p/missing.cc.o[25/195] Compiling C++ object src/libbte-2.91.so.0.6500.0.p/keymap.cc.o
../src/keymap.cc:1015:24: warning: Out of bound memory access (accessed memory precedes memory block) [alpha.security.ArrayBoundV2]
                        nnormal[offset + 2] = nnormal[offset];
                        ~~~~~~~~~~~~~~~~~~~~^~~~~~~~~~~~~~~~~
../src/keymap.cc:1022:24: warning: Out of bound memory access (accessed memory precedes memory block) [alpha.security.ArrayBoundV2]
                        nnormal[offset + 3] = nnormal[offset];
                        ~~~~~~~~~~~~~~~~~~~~^~~~~~~~~~~~~~~~~
2 warnings generated.
[25/195] Compiling C++ object src/libbte-2.91.so.0.6500.0.p/reaper.cc.o[26/195] Compiling C++ object src/libbte-2.91.so.0.6500.0.p/missing.cc.o
../src/missing.cc:163:20: warning: Casting a non-structure type to a structure type and accessing a field can lead to memory access errors or data corruption [alpha.core.CastToStruct]
              de = (struct linux_dirent64 *)(buf + pos);
                   ^~~~~~~~~~~~~~~~~~~~~~~~~~~~~~~~~~~~
1 warning generated.
[26/195] Compiling C++ object src/libbte-2.91.so.0.6500.0.p/ring.cc.o[27/195] Compiling C++ object src/libbte-2.91.so.0.6500.0.p/reaper.cc.o
../src/reaper.cc:38: warning: macro "BTE_REAPER_GET_CLASS" is not used [-Wunused-macros]
   38 | #define BTE_REAPER_GET_CLASS(obj)  (G_TYPE_INSTANCE_GET_CLASS ((obj),  BTE_TYPE_REAPER, BteReaperClass))
      | 
../src/reaper.cc:35: warning: macro "BTE_REAPER_CLASS" is not used [-Wunused-macros]
   35 | #define BTE_REAPER_CLASS(klass)    (G_TYPE_CHECK_CLASS_CAST ((klass),  BTE_TYPE_REAPER, BteReaperClass))
      | 
../src/reaper.cc:36: warning: macro "BTE_IS_REAPER" is not used [-Wunused-macros]
   36 | #define BTE_IS_REAPER(obj)         (G_TYPE_CHECK_INSTANCE_TYPE ((obj), BTE_TYPE_REAPER))
      | 
../src/reaper.cc:37: warning: macro "BTE_IS_REAPER_CLASS" is not used [-Wunused-macros]
   37 | #define BTE_IS_REAPER_CLASS(klass) (G_TYPE_CHECK_CLASS_TYPE ((klass),  BTE_TYPE_REAPER))
      | 
[27/195] Compiling C++ object src/libbte-2.91.so.0.6500.0.p/ringview.cc.o[28/195] Compiling C++ object src/libbte-2.91.so.0.6500.0.p/minifont.cc.o[28/195] Compiling C++ object src/libbte-2.91.so.0.6500.0.p/spawn.cc.o[29/195] Compiling C++ object src/libbte-2.91.so.0.6500.0.p/fonts-pangocairo.cc.o
../src/fonts-pangocairo.cc:47: warning: macro "FONT_CACHE_TIMEOUT" is not used [-Wunused-macros]
   47 | #define FONT_CACHE_TIMEOUT (30) /* seconds */
      | 
[29/195] Compiling C++ object src/libbte-2.91.so.0.6500.0.p/bte.cc.o[30/195] Compiling C++ object src/libbte-2.91.so.0.6500.0.p/btepty.cc.o
../src/btepty.cc:54: warning: macro "I_" is not used [-Wunused-macros]
   54 | #define I_(string) (g_intern_static_string(string))
      | 
../src/btepty.cc:134:1: warning: This statement is never executed [alpha.deadcode.UnreachableCode]
try
^~~
../src/btepty.cc:221:1: warning: This statement is never executed [alpha.deadcode.UnreachableCode]
try
^~~
../src/btepty.cc:258:1: warning: This statement is never executed [alpha.deadcode.UnreachableCode]
try
^~~
../src/btepty.cc:305:1: warning: This statement is never executed [alpha.deadcode.UnreachableCode]
try
^~~
../src/btepty.cc:357:1: warning: This statement is never executed [alpha.deadcode.UnreachableCode]
try
^~~
5 warnings generated.
[30/195] Compiling C++ object src/libbte-2.91.so.0.6500.0.p/btectk.cc.o[31/195] Compiling C++ object src/libbte-2.91.so.0.6500.0.p/bidi.cc.o
../src/bidi.cc:244:58: warning: Access to field 'c' results in a dereference of a null pointer (loaded from variable 'cell') [core.NullDereference]
                        _bte_unistr_append_to_gunichars (cell->c, fribidi_chars_array);
                                                         ^~~~~~~
../src/bidi.cc:694:33: warning: Value stored to 'tl' is never read [deadcode.DeadStores]
                                tl += cell->attr.columns();
                                ^     ~~~~~~~~~~~~~~~~~~~~
2 warnings generated.
[31/195] Compiling C++ object src/libbte-2.91.so.0.6500.0.p/bteregex.cc.o[32/195] Compiling C++ object src/libbte-2.91.so.0.6500.0.p/ringview.cc.o
../src/ringview.cc:154:39: warning: Out of bound memory access (accessed memory precedes memory block) [alpha.security.ArrayBoundV2]
                        m_bidirows[i] = new BidiRow();
                        ~~~~~~~~~~~~~~^~~~~~~~~~~~~~~
../src/ringview.cc:245:25: warning: 2nd function call argument is an uninitialized value [core.CallAndMessage]
                        _bte_row_data_copy (row_data, m_rows[m_rows_len]);
                        ^~~~~~~~~~~~~~~~~~~~~~~~~~~~~~~~~~~~~~~~~~~~~~~~~
../src/ringview.cc:261:25: warning: 1st function call argument is an uninitialized value [core.CallAndMessage]
                        _bte_row_data_clear (m_rows[m_rows_len]);
                        ^~~~~~~~~~~~~~~~~~~~~~~~~~~~~~~~~~~~~~~~
../src/ringview.cc:279:26: warning: Assigned value is garbage or undefined [core.uninitialized.Assign]
                row_data = m_rows[row - m_top];
                         ^ ~~~~~~~~~~~~~~~~~~~
4 warnings generated.
[32/195] Compiling C++ object src/libbte-2.91.so.0.6500.0.p/bterowdata.cc.o[33/195] Compiling C++ object src/libbte-2.91.so.0.6500.0.p/bteregex.cc.o
../src/bteregex.cc:127:1: warning: This statement is never executed [alpha.deadcode.UnreachableCode]
try
^~~
../src/bteregex.cc:165:1: warning: This statement is never executed [alpha.deadcode.UnreachableCode]
try
^~~
../src/bteregex.cc:192:1: warning: This statement is never executed [alpha.deadcode.UnreachableCode]
try
^~~
../src/bteregex.cc:241:1: warning: This statement is never executed [alpha.deadcode.UnreachableCode]
try
^~~
4 warnings generated.
[33/195] Compiling C++ object src/libbte-2.91.so.0.6500.0.p/bteseq.cc.o[34/195] Compiling C++ object src/libbte-2.91.so.0.6500.0.p/bterowdata.cc.o
../src/bterowdata.cc:55:9: warning: Casting a non-structure type to a structure type and accessing a field can lead to memory access errors or data corruption [alpha.core.CastToStruct]
        return (BteCells *) (((guchar *) cells) - G_STRUCT_OFFSET (BteCells, cells));
               ^~~~~~~~~~~~~~~~~~~~~~~~~~~~~~~~~~~~~~~~~~~~~~~~~~~~~~~~~~~~~~~~~~~~~
1 warning generated.
[34/195] Compiling C++ object src/libbte-2.91.so.0.6500.0.p/btespawn.cc.o[35/195] Compiling C++ object src/libbte-2.91.so.0.6500.0.p/spawn.cc.o[35/195] Compiling C++ object src/libbte-2.91.so.0.6500.0.p/btestream.cc.o[36/195] Compiling C++ object src/libbte-2.91.so.0.6500.0.p/btespawn.cc.o[36/195] Compiling C++ object src/libbte-2.91.so.0.6500.0.p/btetypes.cc.o[37/195] Compiling C++ object src/libbte-2.91.so.0.6500.0.p/btestream.cc.o[37/195] Compiling C++ object src/libbte-2.91.so.0.6500.0.p/bteunistr.cc.o[38/195] Compiling C++ object src/libbte-2.91.so.0.6500.0.p/btetypes.cc.o[38/195] Compiling C++ object src/libbte-2.91.so.0.6500.0.p/bteutils.cc.o[39/195] Compiling C++ object src/libbte-2.91.so.0.6500.0.p/bteunistr.cc.o[39/195] Compiling C++ object src/libbte-2.91.so.0.6500.0.p/widget.cc.o[40/195] Compiling C++ object src/libbte-2.91.so.0.6500.0.p/ring.cc.o
../src/ring.cc:685:13: warning: Dereference of null pointer [core.NullDereference]
        if (**hyperlink == '\0')
            ^~~~~~~~~~~
1 warning generated.
[40/195] Compiling C++ object src/libbte-2.91.so.0.6500.0.p/bteaccess.cc.o[41/195] Compiling C++ object src/libbte-2.91.so.0.6500.0.p/bteutils.cc.o[41/195] Compiling C++ object src/libbte-2.91.so.0.6500.0.p/icu-converter.cc.o[42/195] Compiling C++ object src/libbte-2.91.so.0.6500.0.p/icu-converter.cc.o
../src/icu-converter.cc:121:9: warning: Value stored to 'target_size' is never read [deadcode.DeadStores]
        target_size = ucnv_fromUChars(m_charset_converter.get(),
        ^             ~~~~~~~~~~~~~~~~~~~~~~~~~~~~~~~~~~~~~~~~~~
1 warning generated.
[42/195] Compiling C++ object src/libbte-2.91.so.0.6500.0.p/icu-decoder.cc.o[43/195] Compiling C++ object src/libbte-2.91.so.0.6500.0.p/icu-decoder.cc.o
../src/icu-decoder.cc:108:35: warning: This statement is never executed [alpha.deadcode.UnreachableCode]
                        m_state = State::eError;
                                  ^~~~~~~~~~~~~
1 warning generated.
[43/195] Compiling C++ object src/libbte-2.91.so.0.6500.0.p/icu-glue.cc.o[44/195] Compiling C++ object src/libbte-2.91.so.0.6500.0.p/widget.cc.o
../src/widget.cc:44:1: warning: This statement is never executed [alpha.deadcode.UnreachableCode]
try
^~~
../src/widget.cc:59:1: warning: This statement is never executed [alpha.deadcode.UnreachableCode]
try
^~~
../src/widget.cc:72:1: warning: This statement is never executed [alpha.deadcode.UnreachableCode]
try
^~~
../src/widget.cc:85:1: warning: This statement is never executed [alpha.deadcode.UnreachableCode]
try
^~~
../src/widget.cc:97:1: warning: This statement is never executed [alpha.deadcode.UnreachableCode]
try
^~~
../src/widget.cc:113:1: warning: This statement is never executed [alpha.deadcode.UnreachableCode]
try
^~~
../src/widget.cc:130:1: warning: This statement is never executed [alpha.deadcode.UnreachableCode]
try
^~~
../src/widget.cc:156:1: warning: This statement is never executed [alpha.deadcode.UnreachableCode]
try
^~~
../src/widget.cc:361:18: warning: This statement is never executed [alpha.deadcode.UnreachableCode]
        default: g_assert_not_reached(); return {};
                 ^~~~~~~~~~~~~~~~~~~~~~
/usr/include/glib-2.0/glib/gtestutils.h:274:136: note: expanded from macro 'g_assert_not_reached'
#define g_assert_not_reached()          G_STMT_START { g_assertion_message_expr (G_LOG_DOMAIN, __FILE__, __LINE__, G_STRFUNC, NULL); } G_STMT_END
                                                                                                                                       ^~~~~~~~~~
/usr/include/glib-2.0/glib/gmacros.h:993:30: note: expanded from macro 'G_STMT_END'
#define G_STMT_END    while (0)
                             ^
9 warnings generated.
[44/195] Compiling C++ object src/libbte-2.91.so.0.6500.0.p/systemd.cc.o[45/195] Compiling C++ object src/libbte-2.91.so.0.6500.0.p/systemd.cc.o[45/195] Compiling C++ object src/decoder-cat.p/icu-glue.cc.o[46/195] Compiling C++ object src/libbte-2.91.so.0.6500.0.p/btectk.cc.o
../src/btectk.cc:189:1: warning: This statement is never executed [alpha.deadcode.UnreachableCode]
try
^~~
../src/btectk.cc:200:1: warning: This statement is never executed [alpha.deadcode.UnreachableCode]
try
^~~
../src/btectk.cc:211:1: warning: This statement is never executed [alpha.deadcode.UnreachableCode]
try
^~~
../src/btectk.cc:227:1: warning: This statement is never executed [alpha.deadcode.UnreachableCode]
try
^~~
../src/btectk.cc:258:1: warning: This statement is never executed [alpha.deadcode.UnreachableCode]
try
^~~
../src/btectk.cc:272:1: warning: This statement is never executed [alpha.deadcode.UnreachableCode]
try
^~~
../src/btectk.cc:286:1: warning: This statement is never executed [alpha.deadcode.UnreachableCode]
try
^~~
../src/btectk.cc:300:1: warning: This statement is never executed [alpha.deadcode.UnreachableCode]
try
^~~
../src/btectk.cc:314:1: warning: This statement is never executed [alpha.deadcode.UnreachableCode]
try
^~~
../src/btectk.cc:329:1: warning: This statement is never executed [alpha.deadcode.UnreachableCode]
try
^~~
../src/btectk.cc:344:1: warning: This statement is never executed [alpha.deadcode.UnreachableCode]
try
^~~
../src/btectk.cc:359:1: warning: This statement is never executed [alpha.deadcode.UnreachableCode]
try
^~~
../src/btectk.cc:381:1: warning: This statement is never executed [alpha.deadcode.UnreachableCode]
try
^~~
../src/btectk.cc:404:1: warning: This statement is never executed [alpha.deadcode.UnreachableCode]
try
^~~
../src/btectk.cc:418:1: warning: This statement is never executed [alpha.deadcode.UnreachableCode]
try
^~~
../src/btectk.cc:431:1: warning: This statement is never executed [alpha.deadcode.UnreachableCode]
try
^~~
../src/btectk.cc:444:1: warning: This statement is never executed [alpha.deadcode.UnreachableCode]
try
^~~
../src/btectk.cc:458:1: warning: This statement is never executed [alpha.deadcode.UnreachableCode]
try
^~~
../src/btectk.cc:477:9: warning: This statement is never executed [alpha.deadcode.UnreachableCode]
        try {
        ^~~~~
../src/btectk.cc:489:1: warning: This statement is never executed [alpha.deadcode.UnreachableCode]
try
^~~
../src/btectk.cc:508:9: warning: This statement is never executed [alpha.deadcode.UnreachableCode]
        try {
        ^~~~~
../src/btectk.cc:521:1: warning: This statement is never executed [alpha.deadcode.UnreachableCode]
try
^~~
../src/btectk.cc:538:1: warning: This statement is never executed [alpha.deadcode.UnreachableCode]
try
^~~
../src/btectk.cc:553:1: warning: This statement is never executed [alpha.deadcode.UnreachableCode]
try
^~~
../src/btectk.cc:580:9: warning: This statement is never executed [alpha.deadcode.UnreachableCode]
        g_assert_not_reached();
        ^~~~~~~~~~~~~~~~~~~~~~
/usr/include/glib-2.0/glib/gtestutils.h:274:136: note: expanded from macro 'g_assert_not_reached'
#define g_assert_not_reached()          G_STMT_START { g_assertion_message_expr (G_LOG_DOMAIN, __FILE__, __LINE__, G_STRFUNC, NULL); } G_STMT_END
                                                                                                                                       ^~~~~~~~~~
/usr/include/glib-2.0/glib/gmacros.h:993:30: note: expanded from macro 'G_STMT_END'
#define G_STMT_END    while (0)
                             ^
../src/btectk.cc:588:9: warning: This statement is never executed [alpha.deadcode.UnreachableCode]
        try {
        ^~~~~
../src/btectk.cc:604:9: warning: This statement is never executed [alpha.deadcode.UnreachableCode]
        try {
        ^~~~~
../src/btectk.cc:620:1: warning: This statement is never executed [alpha.deadcode.UnreachableCode]
try
^~~
../src/btectk.cc:749:1: warning: This statement is never executed [alpha.deadcode.UnreachableCode]
try
^~~
../src/btectk.cc:852:25: warning: This statement is never executed [alpha.deadcode.UnreachableCode]
                        g_assert_not_reached ();
                        ^~~~~~~~~~~~~~~~~~~~~~~
/usr/include/glib-2.0/glib/gtestutils.h:274:136: note: expanded from macro 'g_assert_not_reached'
#define g_assert_not_reached()          G_STMT_START { g_assertion_message_expr (G_LOG_DOMAIN, __FILE__, __LINE__, G_STRFUNC, NULL); } G_STMT_END
                                                                                                                                       ^~~~~~~~~~
/usr/include/glib-2.0/glib/gmacros.h:993:30: note: expanded from macro 'G_STMT_END'
#define G_STMT_END    while (0)
                             ^
../src/btectk.cc:2042:1: warning: This statement is never executed [alpha.deadcode.UnreachableCode]
try
^~~
../src/btectk.cc:2239:1: warning: This statement is never executed [alpha.deadcode.UnreachableCode]
try
^~~
../src/btectk.cc:2274:1: warning: This statement is never executed [alpha.deadcode.UnreachableCode]
try
^~~
../src/btectk.cc:2317:1: warning: This statement is never executed [alpha.deadcode.UnreachableCode]
try
^~~
../src/btectk.cc:2348:1: warning: This statement is never executed [alpha.deadcode.UnreachableCode]
try
^~~
../src/btectk.cc:2369:1: warning: This statement is never executed [alpha.deadcode.UnreachableCode]
try
^~~
../src/btectk.cc:2390:1: warning: This statement is never executed [alpha.deadcode.UnreachableCode]
try
^~~
../src/btectk.cc:2412:1: warning: This statement is never executed [alpha.deadcode.UnreachableCode]
try
^~~
../src/btectk.cc:2463:1: warning: This statement is never executed [alpha.deadcode.UnreachableCode]
try
^~~
../src/btectk.cc:2508:1: warning: This statement is never executed [alpha.deadcode.UnreachableCode]
try
^~~
../src/btectk.cc:2541:1: warning: This statement is never executed [alpha.deadcode.UnreachableCode]
try
^~~
../src/btectk.cc:2572:1: warning: This statement is never executed [alpha.deadcode.UnreachableCode]
try
^~~
../src/btectk.cc:2611:1: warning: This statement is never executed [alpha.deadcode.UnreachableCode]
try
^~~
../src/btectk.cc:2730:1: warning: This statement is never executed [alpha.deadcode.UnreachableCode]
try
^~~
../src/btectk.cc:2757:1: warning: This statement is never executed [alpha.deadcode.UnreachableCode]
try
^~~
../src/btectk.cc:2782:1: warning: This statement is never executed [alpha.deadcode.UnreachableCode]
try
^~~
../src/btectk.cc:2806:1: warning: This statement is never executed [alpha.deadcode.UnreachableCode]
try
^~~
../src/btectk.cc:2825:1: warning: This statement is never executed [alpha.deadcode.UnreachableCode]
try
^~~
../src/btectk.cc:2846:1: warning: This statement is never executed [alpha.deadcode.UnreachableCode]
try
^~~
../src/btectk.cc:2868:1: warning: This statement is never executed [alpha.deadcode.UnreachableCode]
try
^~~
../src/btectk.cc:2895:1: warning: This statement is never executed [alpha.deadcode.UnreachableCode]
try
^~~
../src/btectk.cc:2918:1: warning: This statement is never executed [alpha.deadcode.UnreachableCode]
try
^~~
../src/btectk.cc:2974:1: warning: This statement is never executed [alpha.deadcode.UnreachableCode]
try
^~~
../src/btectk.cc:2993:1: warning: This statement is never executed [alpha.deadcode.UnreachableCode]
try
^~~
../src/btectk.cc:3012:1: warning: This statement is never executed [alpha.deadcode.UnreachableCode]
try
^~~
../src/btectk.cc:3031:1: warning: This statement is never executed [alpha.deadcode.UnreachableCode]
try
^~~
../src/btectk.cc:3057:1: warning: This statement is never executed [alpha.deadcode.UnreachableCode]
try
^~~
../src/btectk.cc:3210:1: warning: This statement is never executed [alpha.deadcode.UnreachableCode]
try
^~~
../src/btectk.cc:3307:17: warning: This statement is never executed [alpha.deadcode.UnreachableCode]
                try {
                ^~~~~
../src/btectk.cc:3526:1: warning: This statement is never executed [alpha.deadcode.UnreachableCode]
try
^~~
../src/btectk.cc:3555:1: warning: This statement is never executed [alpha.deadcode.UnreachableCode]
try
^~~
../src/btectk.cc:3586:1: warning: This statement is never executed [alpha.deadcode.UnreachableCode]
try
^~~
../src/btectk.cc:3730:1: warning: This statement is never executed [alpha.deadcode.UnreachableCode]
try
^~~
../src/btectk.cc:3765:1: warning: This statement is never executed [alpha.deadcode.UnreachableCode]
try
^~~
../src/btectk.cc:3788:1: warning: This statement is never executed [alpha.deadcode.UnreachableCode]
try
^~~
../src/btectk.cc:4071:1: warning: This statement is never executed [alpha.deadcode.UnreachableCode]
try
^~~
../src/btectk.cc:4093:1: warning: This statement is never executed [alpha.deadcode.UnreachableCode]
try
^~~
../src/btectk.cc:4165:1: warning: This statement is never executed [alpha.deadcode.UnreachableCode]
try
^~~
../src/btectk.cc:4191:1: warning: This statement is never executed [alpha.deadcode.UnreachableCode]
try
^~~
../src/btectk.cc:4198:17: warning: This statement is never executed [alpha.deadcode.UnreachableCode]
                impl->set_color_bold(bte::color::rgb(bold));
                ^~~~
../src/btectk.cc:4219:1: warning: This statement is never executed [alpha.deadcode.UnreachableCode]
try
^~~
../src/btectk.cc:4226:17: warning: This statement is never executed [alpha.deadcode.UnreachableCode]
                impl->set_color_cursor_background(bte::color::rgb(cursor_background));
                ^~~~
../src/btectk.cc:4249:1: warning: This statement is never executed [alpha.deadcode.UnreachableCode]
try
^~~
../src/btectk.cc:4256:17: warning: This statement is never executed [alpha.deadcode.UnreachableCode]
                impl->set_color_cursor_foreground(bte::color::rgb(cursor_foreground));
                ^~~~
../src/btectk.cc:4275:1: warning: This statement is never executed [alpha.deadcode.UnreachableCode]
try
^~~
../src/btectk.cc:4301:1: warning: This statement is never executed [alpha.deadcode.UnreachableCode]
try
^~~
../src/btectk.cc:4308:17: warning: This statement is never executed [alpha.deadcode.UnreachableCode]
                impl->set_color_highlight_background(bte::color::rgb(highlight_background));
                ^~~~
../src/btectk.cc:4330:1: warning: This statement is never executed [alpha.deadcode.UnreachableCode]
try
^~~
../src/btectk.cc:4337:17: warning: This statement is never executed [alpha.deadcode.UnreachableCode]
                impl->set_color_highlight_foreground(bte::color::rgb(highlight_foreground));
                ^~~~
../src/btectk.cc:4370:1: warning: This statement is never executed [alpha.deadcode.UnreachableCode]
try
^~~
../src/btectk.cc:4385:20: warning: This statement is never executed [alpha.deadcode.UnreachableCode]
                fg = bte::color::rgb(foreground);
                   ^
../src/btectk.cc:4388:20: warning: This statement is never executed [alpha.deadcode.UnreachableCode]
                bg = bte::color::rgb(background);
                   ^
../src/btectk.cc:4392:47: warning: This statement is never executed [alpha.deadcode.UnreachableCode]
                pal = g_new0(bte::color::rgb, palette_size);
                                              ^~~~~~~~~~~~
/usr/include/glib-2.0/glib/gmem.h:332:63: note: expanded from macro 'g_new0'
#define g_new0(struct_type, n_structs)                  _G_NEW (struct_type, n_structs, malloc0)
                                                                             ^~~~~~~~~
/usr/include/glib-2.0/glib/gmem.h:261:25: note: expanded from macro '_G_NEW'
          gsize __n = (gsize) (n_structs);                      \
                               ^~~~~~~~~
../src/btectk.cc:4398:40: warning: This statement is never executed [alpha.deadcode.UnreachableCode]
        impl->set_colors(foreground ? &fg : nullptr,
                                       ^~
../src/btectk.cc:4399:40: warning: This statement is never executed [alpha.deadcode.UnreachableCode]
                         background ? &bg : nullptr,
                                       ^~
../src/btectk.cc:4401:49: warning: This statement is never executed [alpha.deadcode.UnreachableCode]
        impl->set_background_alpha(background ? background->alpha : 1.0);
                                                ^~~~~~~~~~
../src/btectk.cc:4417:1: warning: This statement is never executed [alpha.deadcode.UnreachableCode]
try
^~~
../src/btectk.cc:4435:1: warning: This statement is never executed [alpha.deadcode.UnreachableCode]
try
^~~
../src/btectk.cc:5055:1: warning: This statement is never executed [alpha.deadcode.UnreachableCode]
try
^~~
../src/btectk.cc:5275:1: warning: This statement is never executed [alpha.deadcode.UnreachableCode]
try
^~~
../src/btectk.cc:5541:1: warning: This statement is never executed [alpha.deadcode.UnreachableCode]
try
^~~
../src/btectk.cc:5569:1: warning: This statement is never executed [alpha.deadcode.UnreachableCode]
try
^~~
../src/btectk.cc:5601:1: warning: This statement is never executed [alpha.deadcode.UnreachableCode]
try
^~~
../src/btectk.cc:5672:9: warning: This statement is never executed [alpha.deadcode.UnreachableCode]
        try {
        ^~~~~
../src/btectk.cc:5720:1: warning: This statement is never executed [alpha.deadcode.UnreachableCode]
try
^~~
../src/btectk.cc:5724:9: warning: This statement is never executed [alpha.deadcode.UnreachableCode]
        try {
        ^~~~~
96 warnings generated.
[46/195] Compiling C++ object src/parser-cat.p/parser.cc.o[47/195] Compiling C++ object src/parser-cat.p/parser.cc.o
../src/parser.cc:105: warning: macro "BTE_SEQ_PARAMETER_MASK" is not used [-Wunused-macros]
  105 | #define BTE_SEQ_PARAMETER_MASK         ((1U << BTE_SEQ_PARAMETER_BITS) - 1U)
      | 
../src/parser.cc:106: warning: macro "BTE_SEQ_PARAMETER" is not used [-Wunused-macros]
  106 | #define BTE_SEQ_PARAMETER(u)           ((u) & BTE_SEQ_PARAMETER_MASK)
      | 
../src/parser.cc:107: warning: macro "BTE_SEQ_REMOVE_PARAMETER" is not used [-Wunused-macros]
  107 | #define BTE_SEQ_REMOVE_PARAMETER(u)    ((u) >> BTE_SEQ_PARAMETER_BITS)
      | 
../src/parser.cc:1389:9: warning: This statement is never executed [alpha.deadcode.UnreachableCode]
        g_assert_not_reached();
        ^~~~~~~~~~~~~~~~~~~~~~
/usr/include/glib-2.0/glib/gtestutils.h:274:136: note: expanded from macro 'g_assert_not_reached'
#define g_assert_not_reached()          G_STMT_START { g_assertion_message_expr (G_LOG_DOMAIN, __FILE__, __LINE__, G_STRFUNC, NULL); } G_STMT_END
                                                                                                                                       ^~~~~~~~~~
/usr/include/glib-2.0/glib/gmacros.h:993:30: note: expanded from macro 'G_STMT_END'
#define G_STMT_END    while (0)
                             ^
1 warning generated.
[47/195] Compiling C++ object src/parser-cat.p/utf8.cc.o[48/195] Compiling C++ object src/parser-cat.p/utf8.cc.o[48/195] Compiling C++ object src/parser-cat.p/debug.cc.o[49/195] Compiling C++ object src/libbte-2.91.so.0.6500.0.p/icu-glue.cc.o[49/195] Compiling C++ object src/parser-cat.p/parser-cat.cc.o[50/195] Compiling C++ object src/parser-cat.p/debug.cc.o[50/195] Compiling C object src/dumpkeys.p/dumpkeys.c.o[51/195] Compiling C object src/dumpkeys.p/dumpkeys.c.o[51/195] Compiling C object src/mev.p/mev.c.o[52/195] Compiling C++ object src/libbte-2.91.so.0.6500.0.p/bteaccess.cc.o
../src/bteaccess.cc:718:9: warning: This statement is never executed [alpha.deadcode.UnreachableCode]
        try {
        ^~~~~
../src/bteaccess.cc:1106:4: warning: Value stored to 'line' is never read [deadcode.DeadStores]
                        line = 0;
                        ^      ~
../src/bteaccess.cc:1428:9: warning: This statement is never executed [alpha.deadcode.UnreachableCode]
        try {
        ^~~~~
../src/bteaccess.cc:1484:17: warning: This statement is never executed [alpha.deadcode.UnreachableCode]
                try {
                ^~~~~
../src/bteaccess.cc:1516:17: warning: This statement is never executed [alpha.deadcode.UnreachableCode]
                try {
                ^~~~~
../src/bteaccess.cc:1594:9: warning: This statement is never executed [alpha.deadcode.UnreachableCode]
        try {
        ^~~~~
6 warnings generated.
[52/195] Compiling C object src/slowcat.p/slowcat.c.o[53/195] Compiling C++ object src/libbte-2.91.so.0.6500.0.p/bteseq.cc.o
../src/bteseq.cc:39: warning: macro "BEL_C0" is not used [-Wunused-macros]
   39 | #define BEL_C0 "\007"
      | 
../src/bteseq.cc:40: warning: macro "ST_C0" is not used [-Wunused-macros]
   40 | #define ST_C0 _BTE_CAP_ST
      | 
../src/bteseq.cc:916:33: warning: Value stored to 'len' is never read [deadcode.DeadStores]
                                len = m_column_count;
                                ^     ~~~~~~~~~~~~~~
../src/bteseq.cc:4756:19: warning: The left operand of '<=' is a garbage value [core.UndefinedBinaryOperatorResult]
        if (start <= 0)
            ~~~~~ ^
../src/bteseq.cc:4757:25: warning: This statement is never executed [alpha.deadcode.UnreachableCode]
                start = 1;
                        ^
../src/bteseq.cc:4778:42: warning: This statement is never executed [alpha.deadcode.UnreachableCode]
                m_scrolling_restricted = FALSE;
                                         ^~~~~
/usr/include/glib-2.0/glib/gmacros.h:925:16: note: expanded from macro 'FALSE'
#define FALSE   (0)
                 ^
../src/bteseq.cc:4782:25: warning: This statement is never executed [alpha.deadcode.UnreachableCode]
                        _bte_ring_insert(m_screen->row_data, _bte_ring_next(m_screen->row_data), get_bidi_flags());
                        ^~~~~~~~~~~~~~~~
../src/bteseq.cc:6881:17: warning: This statement is never executed [alpha.deadcode.UnreachableCode]
                return;
                ^~~~~~
../src/bteseq.cc:8617:27: warning: The left operand of '!=' is a garbage value [core.UndefinedBinaryOperatorResult]
                if (width != -1 && height != -1) {
                    ~~~~~ ^
../src/bteseq.cc:8617:36: warning: This statement is never executed [alpha.deadcode.UnreachableCode]
                if (width != -1 && height != -1) {
                                   ^~~~~~
../src/bteseq.cc:8640:27: warning: The left operand of '!=' is a garbage value [core.UndefinedBinaryOperatorResult]
                if (width != -1 && height != -1) {
                    ~~~~~ ^
../src/bteseq.cc:8640:36: warning: This statement is never executed [alpha.deadcode.UnreachableCode]
                if (width != -1 && height != -1) {
                                   ^~~~~~
10 warnings generated.
[53/195] Compiling C object src/reflect-textview.p/reflect.c.o[54/195] Compiling C object src/slowcat.p/slowcat.c.o[54/195] Compiling C object src/reflect-bte.p/reflect.c.o[55/195] Compiling C++ object src/decoder-cat.p/icu-glue.cc.o[55/195] Compiling C++ object src/bte-urlencode-cwd.p/urlencode.cc.o[56/195] Compiling C object src/mev.p/mev.c.o
../src/mev.c:136:21: warning: Value stored to 'shift' during its initialization is never read [deadcode.DeadStores]
        const char *shift = "", *control = "", *alt = "";
                    ^~~~~   ~~
../src/mev.c:136:34: warning: Value stored to 'control' during its initialization is never read [deadcode.DeadStores]
        const char *shift = "", *control = "", *alt = "";
                                 ^~~~~~~   ~~
../src/mev.c:136:49: warning: Value stored to 'alt' during its initialization is never read [deadcode.DeadStores]
        const char *shift = "", *control = "", *alt = "";
                                                ^~~   ~~
../src/mev.c:383:3: warning: Value stored to 'stop' is never read [deadcode.DeadStores]
                stop = TRUE;
                ^      ~~~~
4 warnings generated.
[56/195] Compiling C object src/xticker.p/xticker.c.o[57/195] Compiling C++ object src/bte-urlencode-cwd.p/urlencode.cc.o[57/195] Compiling C++ object src/test-modes.p/modes-test.cc.o[58/195] Compiling C object src/reflect-bte.p/reflect.c.o
../src/reflect.c:97:18: warning: Access to field 'len' results in a dereference of a null pointer (loaded from variable 'contents') [core.NullDereference]
        for (i = 0; i < contents->len; i++) {
                        ^~~~~~~~~~~~~
../src/reflect.c:312:9: warning: Access to field 'len' results in a dereference of a null pointer (loaded from variable 'contents') [core.NullDereference]
                             contents->len < count;
                             ^~~~~~~~~~~~~
../src/reflect.c:314:9: warning: This statement is never executed [alpha.deadcode.UnreachableCode]
                                c = g_utf8_get_char(p);
                                    ^~~~~~~~~~~~~~~
../src/reflect.c:317:4: warning: This statement is never executed [alpha.deadcode.UnreachableCode]
                        g_free(text);
                        ^~~~~~
4 warnings generated.
[58/195] Compiling C++ object src/test-parser.p/parser.cc.o[59/195] Compiling C object src/reflect-textview.p/reflect.c.o
../src/reflect.c:97:18: warning: Access to field 'len' results in a dereference of a null pointer (loaded from variable 'contents') [core.NullDereference]
        for (i = 0; i < contents->len; i++) {
                        ^~~~~~~~~~~~~
../src/reflect.c:312:9: warning: Access to field 'len' results in a dereference of a null pointer (loaded from variable 'contents') [core.NullDereference]
                             contents->len < count;
                             ^~~~~~~~~~~~~
../src/reflect.c:314:9: warning: This statement is never executed [alpha.deadcode.UnreachableCode]
                                c = g_utf8_get_char(p);
                                    ^~~~~~~~~~~~~~~
../src/reflect.c:317:4: warning: This statement is never executed [alpha.deadcode.UnreachableCode]
                        g_free(text);
                        ^~~~~~
4 warnings generated.
[59/195] Compiling C++ object src/test-parser.p/parser-test.cc.o[60/195] Compiling C++ object src/test-modes.p/modes-test.cc.o[60/195] Compiling C++ object src/test-reaper.p/debug.cc.o[61/195] Compiling C++ object src/test-reaper.p/debug.cc.o[61/195] Compiling C++ object src/test-reaper.p/reaper.cc.o[62/195] Compiling C++ object src/test-reaper.p/reaper.cc.o
../src/reaper.cc:38: warning: macro "BTE_REAPER_GET_CLASS" is not used [-Wunused-macros]
   38 | #define BTE_REAPER_GET_CLASS(obj)  (G_TYPE_INSTANCE_GET_CLASS ((obj),  BTE_TYPE_REAPER, BteReaperClass))
      | 
../src/reaper.cc:35: warning: macro "BTE_REAPER_CLASS" is not used [-Wunused-macros]
   35 | #define BTE_REAPER_CLASS(klass)    (G_TYPE_CHECK_CLASS_CAST ((klass),  BTE_TYPE_REAPER, BteReaperClass))
      | 
../src/reaper.cc:36: warning: macro "BTE_IS_REAPER" is not used [-Wunused-macros]
   36 | #define BTE_IS_REAPER(obj)         (G_TYPE_CHECK_INSTANCE_TYPE ((obj), BTE_TYPE_REAPER))
      | 
../src/reaper.cc:37: warning: macro "BTE_IS_REAPER_CLASS" is not used [-Wunused-macros]
   37 | #define BTE_IS_REAPER_CLASS(klass) (G_TYPE_CHECK_CLASS_TYPE ((klass),  BTE_TYPE_REAPER))
      | 
../src/reaper.cc:182:25: warning: This statement is never executed [alpha.deadcode.UnreachableCode]
                        g_assert_not_reached();
                        ^~~~~~~~~~~~~~~~~~~~~~
/usr/include/glib-2.0/glib/gtestutils.h:274:136: note: expanded from macro 'g_assert_not_reached'
#define g_assert_not_reached()          G_STMT_START { g_assertion_message_expr (G_LOG_DOMAIN, __FILE__, __LINE__, G_STRFUNC, NULL); } G_STMT_END
                                                                                                                                       ^~~~~~~~~~
/usr/include/glib-2.0/glib/gmacros.h:993:30: note: expanded from macro 'G_STMT_END'
#define G_STMT_END    while (0)
                             ^
../src/reaper.cc:189:25: warning: This statement is never executed [alpha.deadcode.UnreachableCode]
                        break;
                        ^~~~~
../src/reaper.cc:206:25: warning: This statement is never executed [alpha.deadcode.UnreachableCode]
                        g_assert_not_reached();
                        ^~~~~~~~~~~~~~~~~~~~~~
/usr/include/glib-2.0/glib/gtestutils.h:274:136: note: expanded from macro 'g_assert_not_reached'
#define g_assert_not_reached()          G_STMT_START { g_assertion_message_expr (G_LOG_DOMAIN, __FILE__, __LINE__, G_STRFUNC, NULL); } G_STMT_END
                                                                                                                                       ^~~~~~~~~~
/usr/include/glib-2.0/glib/gmacros.h:993:30: note: expanded from macro 'G_STMT_END'
#define G_STMT_END    while (0)
                             ^
../src/reaper.cc:213:25: warning: This statement is never executed [alpha.deadcode.UnreachableCode]
                        break;
                        ^~~~~
4 warnings generated.
[62/195] Compiling C++ object src/test-refptr.p/refptr-test.cc.o[63/195] Compiling C++ object src/test-parser.p/parser.cc.o
../src/parser.cc:105: warning: macro "BTE_SEQ_PARAMETER_MASK" is not used [-Wunused-macros]
  105 | #define BTE_SEQ_PARAMETER_MASK         ((1U << BTE_SEQ_PARAMETER_BITS) - 1U)
      | 
../src/parser.cc:106: warning: macro "BTE_SEQ_PARAMETER" is not used [-Wunused-macros]
  106 | #define BTE_SEQ_PARAMETER(u)           ((u) & BTE_SEQ_PARAMETER_MASK)
      | 
../src/parser.cc:107: warning: macro "BTE_SEQ_REMOVE_PARAMETER" is not used [-Wunused-macros]
  107 | #define BTE_SEQ_REMOVE_PARAMETER(u)    ((u) >> BTE_SEQ_PARAMETER_BITS)
      | 
../src/parser.cc:1389:9: warning: This statement is never executed [alpha.deadcode.UnreachableCode]
        g_assert_not_reached();
        ^~~~~~~~~~~~~~~~~~~~~~
/usr/include/glib-2.0/glib/gtestutils.h:274:136: note: expanded from macro 'g_assert_not_reached'
#define g_assert_not_reached()          G_STMT_START { g_assertion_message_expr (G_LOG_DOMAIN, __FILE__, __LINE__, G_STRFUNC, NULL); } G_STMT_END
                                                                                                                                       ^~~~~~~~~~
/usr/include/glib-2.0/glib/gmacros.h:993:30: note: expanded from macro 'G_STMT_END'
#define G_STMT_END    while (0)
                             ^
1 warning generated.
[63/195] Compiling C++ object src/test-stream.p/btestream.cc.o[64/195] Compiling C object src/xticker.p/xticker.c.o
../src/xticker.c:115:6: warning: Memory copy function accesses out-of-bound array element [alpha.unix.cstring.OutOfBounds]
                                        memcpy(outbuf + 4,
                                        ^~~~~~~~~~~~~~~~~~
1 warning generated.
[64/195] Compiling C++ object src/test-stream.p/bteutils.cc.o[65/195] Compiling C++ object src/test-refptr.p/refptr-test.cc.o
../src/refptr-test.cc:81:23: warning: Method called on moved-from object 'ptr1' [cplusplus.Move]
        g_assert_true(ptr1.get() == nullptr);
                      ^~~~~~~~~~
/usr/include/glib-2.0/glib/gtestutils.h:228:59: note: expanded from macro 'g_assert_true'
                                             if G_LIKELY (expr) ; else \
                                                          ^~~~
/usr/include/glib-2.0/glib/gmacros.h:1244:59: note: expanded from macro 'G_LIKELY'
#define G_LIKELY(expr) (__builtin_expect (_G_BOOLEAN_EXPR(expr), 1))
                                                          ^~~~
/usr/include/glib-2.0/glib/gmacros.h:1243:66: note: expanded from macro '_G_BOOLEAN_EXPR'
#define _G_BOOLEAN_EXPR(expr) _G_BOOLEAN_EXPR_IMPL (__COUNTER__, expr)
                                                                 ^~~~
/usr/include/glib-2.0/glib/gmacros.h:1237:8: note: expanded from macro '_G_BOOLEAN_EXPR_IMPL'
   if (expr)                                    \
       ^~~~
1 warning generated.
[65/195] Compiling C++ object src/test-tabstops.p/tabstops-test.cc.o[66/195] Compiling C++ object src/test-stream.p/bteutils.cc.o[66/195] Compiling C++ object src/test-utf8.p/utf8.cc.o[67/195] Compiling C++ object src/test-utf8.p/utf8.cc.o[67/195] Compiling C++ object src/test-utf8.p/utf8-test.cc.o[68/195] Compiling C++ object src/test-utf8.p/utf8-test.cc.o[68/195] Compiling C++ object src/test-btetypes.p/btetypes.cc.o[69/195] Compiling C++ object src/test-stream.p/btestream.cc.o[69/195] Compiling C object src/app/bte-2.91.p/meson-generated_.._resources.cc.c.o[70/195] Compiling C object src/app/bte-2.91.p/meson-generated_.._resources.cc.c.o
src/app/resources.cc.c:286: warning: macro "__G_CONSTRUCTOR_H__" is not used [-Wunused-macros]
  286 | #define __G_CONSTRUCTOR_H__
      | 
[70/195] Compiling C++ object src/app/bte-2.91.p/app.cc.o[71/195] Compiling C++ object src/parser-cat.p/parser-cat.cc.o
../src/parser-cat.cc:807:39: warning: Division by zero [core.DivideZero]
                           total_time / (int64_t)m_bench_times->len);
                           ~~~~~~~~~~~^~~~~~~~~~~~~~~~~~~~~~~~~~~~~
1 warning generated.
[71/195] Linking target src/decoder-cat[72/195] Linking target src/decoder-cat[72/195] Linking target src/parser-cat[73/195] Linking target src/parser-cat[73/195] Linking target src/dumpkeys[74/195] Compiling C++ object src/test-btetypes.p/btetypes.cc.o[74/195] Linking target src/mev[75/195] Linking target src/mev[75/195] Linking target src/slowcat[76/195] Linking target src/dumpkeys[76/195] Linking target src/reflect-textview[77/195] Linking target src/slowcat[77/195] Linking target src/bte-urlencode-cwd[78/195] Linking target src/reflect-textview[78/195] Linking target src/xticker[79/195] Linking target src/bte-urlencode-cwd[79/195] Linking target src/test-modes[80/195] Linking target src/xticker[80/195] Linking target src/test-reaper[81/195] Linking target src/test-modes[81/195] Linking target src/test-refptr[82/195] Linking target src/test-reaper[82/195] Linking target src/test-stream[83/195] Linking target src/test-refptr[83/195] Linking target src/test-utf8[84/195] Linking target src/test-stream[84/195] Linking target src/test-btetypes[85/195] Linking target src/test-utf8[85/195] Building translation po/am/LC_MESSAGES/bte-2.91-am.mo[86/195] Building translation po/am/LC_MESSAGES/bte-2.91-am.mo[86/195] Building translation po/an/LC_MESSAGES/bte-2.91-an.mo[87/195] Building translation po/an/LC_MESSAGES/bte-2.91-an.mo[87/195] Building translation po/ang/LC_MESSAGES/bte-2.91-ang.mo[88/195] Linking target src/test-btetypes[88/195] Building translation po/ar/LC_MESSAGES/bte-2.91-ar.mo[89/195] Building translation po/ang/LC_MESSAGES/bte-2.91-ang.mo[89/195] Building translation po/as/LC_MESSAGES/bte-2.91-as.mo[90/195] Building translation po/ar/LC_MESSAGES/bte-2.91-ar.mo[90/195] Building translation po/ast/LC_MESSAGES/bte-2.91-ast.mo[91/195] Building translation po/as/LC_MESSAGES/bte-2.91-as.mo[91/195] Building translation po/az/LC_MESSAGES/bte-2.91-az.mo[92/195] Building translation po/ast/LC_MESSAGES/bte-2.91-ast.mo[92/195] Building translation po/be/LC_MESSAGES/bte-2.91-be.mo[93/195] Building translation po/az/LC_MESSAGES/bte-2.91-az.mo[93/195] Building translation po/be@latin/LC_MESSAGES/bte-2.91-be@latin.mo[94/195] Building translation po/be/LC_MESSAGES/bte-2.91-be.mo[94/195] Building translation po/bg/LC_MESSAGES/bte-2.91-bg.mo[95/195] Building translation po/be@latin/LC_MESSAGES/bte-2.91-be@latin.mo[95/195] Building translation po/bn/LC_MESSAGES/bte-2.91-bn.mo[96/195] Building translation po/bg/LC_MESSAGES/bte-2.91-bg.mo[96/195] Building translation po/bn_IN/LC_MESSAGES/bte-2.91-bn_IN.mo[97/195] Building translation po/bn/LC_MESSAGES/bte-2.91-bn.mo[97/195] Building translation po/bs/LC_MESSAGES/bte-2.91-bs.mo[98/195] Building translation po/bn_IN/LC_MESSAGES/bte-2.91-bn_IN.mo[98/195] Building translation po/ca/LC_MESSAGES/bte-2.91-ca.mo[99/195] Building translation po/bs/LC_MESSAGES/bte-2.91-bs.mo[99/195] Building translation po/ca@valencia/LC_MESSAGES/bte-2.91-ca@valencia.mo[100/195] Building translation po/ca/LC_MESSAGES/bte-2.91-ca.mo[100/195] Building translation po/ckb/LC_MESSAGES/bte-2.91-ckb.mo[101/195] Building translation po/ca@valencia/LC_MESSAGES/bte-2.91-ca@valencia.mo[101/195] Building translation po/cs/LC_MESSAGES/bte-2.91-cs.mo[102/195] Building translation po/ckb/LC_MESSAGES/bte-2.91-ckb.mo[102/195] Building translation po/cy/LC_MESSAGES/bte-2.91-cy.mo[103/195] Building translation po/cs/LC_MESSAGES/bte-2.91-cs.mo[103/195] Building translation po/da/LC_MESSAGES/bte-2.91-da.mo[104/195] Building translation po/cy/LC_MESSAGES/bte-2.91-cy.mo[104/195] Building translation po/de/LC_MESSAGES/bte-2.91-de.mo[105/195] Building translation po/da/LC_MESSAGES/bte-2.91-da.mo[105/195] Building translation po/dz/LC_MESSAGES/bte-2.91-dz.mo[106/195] Building translation po/de/LC_MESSAGES/bte-2.91-de.mo[106/195] Building translation po/el/LC_MESSAGES/bte-2.91-el.mo[107/195] Building translation po/dz/LC_MESSAGES/bte-2.91-dz.mo[107/195] Building translation po/en_CA/LC_MESSAGES/bte-2.91-en_CA.mo[108/195] Building translation po/el/LC_MESSAGES/bte-2.91-el.mo[108/195] Building translation po/en_GB/LC_MESSAGES/bte-2.91-en_GB.mo[109/195] Building translation po/en_GB/LC_MESSAGES/bte-2.91-en_GB.mo[109/195] Building translation po/en@shaw/LC_MESSAGES/bte-2.91-en@shaw.mo[110/195] Building translation po/en_CA/LC_MESSAGES/bte-2.91-en_CA.mo[110/195] Building translation po/eo/LC_MESSAGES/bte-2.91-eo.mo[111/195] Building translation po/en@shaw/LC_MESSAGES/bte-2.91-en@shaw.mo[111/195] Building translation po/es/LC_MESSAGES/bte-2.91-es.mo[112/195] Building translation po/eo/LC_MESSAGES/bte-2.91-eo.mo[112/195] Building translation po/et/LC_MESSAGES/bte-2.91-et.mo[113/195] Building translation po/es/LC_MESSAGES/bte-2.91-es.mo[113/195] Building translation po/eu/LC_MESSAGES/bte-2.91-eu.mo[114/195] Building translation po/et/LC_MESSAGES/bte-2.91-et.mo[114/195] Building translation po/fa/LC_MESSAGES/bte-2.91-fa.mo[115/195] Building translation po/eu/LC_MESSAGES/bte-2.91-eu.mo[115/195] Building translation po/fi/LC_MESSAGES/bte-2.91-fi.mo[116/195] Building translation po/fa/LC_MESSAGES/bte-2.91-fa.mo[116/195] Building translation po/fr/LC_MESSAGES/bte-2.91-fr.mo[117/195] Building translation po/fi/LC_MESSAGES/bte-2.91-fi.mo[117/195] Building translation po/fur/LC_MESSAGES/bte-2.91-fur.mo[118/195] Building translation po/fr/LC_MESSAGES/bte-2.91-fr.mo[118/195] Building translation po/ga/LC_MESSAGES/bte-2.91-ga.mo[119/195] Building translation po/fur/LC_MESSAGES/bte-2.91-fur.mo[119/195] Building translation po/gd/LC_MESSAGES/bte-2.91-gd.mo[120/195] Building translation po/ga/LC_MESSAGES/bte-2.91-ga.mo[120/195] Building translation po/gl/LC_MESSAGES/bte-2.91-gl.mo[121/195] Building translation po/gd/LC_MESSAGES/bte-2.91-gd.mo[121/195] Building translation po/gu/LC_MESSAGES/bte-2.91-gu.mo[122/195] Building translation po/gl/LC_MESSAGES/bte-2.91-gl.mo[122/195] Building translation po/he/LC_MESSAGES/bte-2.91-he.mo[123/195] Building translation po/gu/LC_MESSAGES/bte-2.91-gu.mo[123/195] Building translation po/hi/LC_MESSAGES/bte-2.91-hi.mo[124/195] Building translation po/he/LC_MESSAGES/bte-2.91-he.mo[124/195] Building translation po/hr/LC_MESSAGES/bte-2.91-hr.mo[125/195] Building translation po/hi/LC_MESSAGES/bte-2.91-hi.mo[125/195] Building translation po/hu/LC_MESSAGES/bte-2.91-hu.mo[126/195] Building translation po/hr/LC_MESSAGES/bte-2.91-hr.mo[126/195] Building translation po/id/LC_MESSAGES/bte-2.91-id.mo[127/195] Building translation po/hu/LC_MESSAGES/bte-2.91-hu.mo[127/195] Building translation po/is/LC_MESSAGES/bte-2.91-is.mo[128/195] Building translation po/id/LC_MESSAGES/bte-2.91-id.mo[128/195] Building translation po/it/LC_MESSAGES/bte-2.91-it.mo[129/195] Building translation po/is/LC_MESSAGES/bte-2.91-is.mo[129/195] Building translation po/ja/LC_MESSAGES/bte-2.91-ja.mo[130/195] Building translation po/it/LC_MESSAGES/bte-2.91-it.mo[130/195] Building translation po/ka/LC_MESSAGES/bte-2.91-ka.mo[131/195] Building translation po/ja/LC_MESSAGES/bte-2.91-ja.mo[131/195] Building translation po/kk/LC_MESSAGES/bte-2.91-kk.mo[132/195] Building translation po/ka/LC_MESSAGES/bte-2.91-ka.mo[132/195] Building translation po/kn/LC_MESSAGES/bte-2.91-kn.mo[133/195] Building translation po/kk/LC_MESSAGES/bte-2.91-kk.mo[133/195] Building translation po/ko/LC_MESSAGES/bte-2.91-ko.mo[134/195] Building translation po/ko/LC_MESSAGES/bte-2.91-ko.mo[134/195] Building translation po/ku/LC_MESSAGES/bte-2.91-ku.mo[135/195] Building translation po/kn/LC_MESSAGES/bte-2.91-kn.mo[135/195] Building translation po/ky/LC_MESSAGES/bte-2.91-ky.mo[136/195] Building translation po/ku/LC_MESSAGES/bte-2.91-ku.mo[136/195] Building translation po/li/LC_MESSAGES/bte-2.91-li.mo[137/195] Building translation po/ky/LC_MESSAGES/bte-2.91-ky.mo[137/195] Building translation po/lt/LC_MESSAGES/bte-2.91-lt.mo[138/195] Building translation po/li/LC_MESSAGES/bte-2.91-li.mo[138/195] Building translation po/lv/LC_MESSAGES/bte-2.91-lv.mo[139/195] Building translation po/lt/LC_MESSAGES/bte-2.91-lt.mo[139/195] Building translation po/mai/LC_MESSAGES/bte-2.91-mai.mo[140/195] Building translation po/lv/LC_MESSAGES/bte-2.91-lv.mo[140/195] Building translation po/mi/LC_MESSAGES/bte-2.91-mi.mo[141/195] Building translation po/mai/LC_MESSAGES/bte-2.91-mai.mo[141/195] Building translation po/mjw/LC_MESSAGES/bte-2.91-mjw.mo[142/195] Building translation po/mi/LC_MESSAGES/bte-2.91-mi.mo[142/195] Building translation po/mk/LC_MESSAGES/bte-2.91-mk.mo[143/195] Building translation po/mjw/LC_MESSAGES/bte-2.91-mjw.mo[143/195] Building translation po/ml/LC_MESSAGES/bte-2.91-ml.mo[144/195] Building translation po/mk/LC_MESSAGES/bte-2.91-mk.mo[144/195] Building translation po/mn/LC_MESSAGES/bte-2.91-mn.mo[145/195] Building translation po/ml/LC_MESSAGES/bte-2.91-ml.mo[145/195] Building translation po/mr/LC_MESSAGES/bte-2.91-mr.mo[146/195] Building translation po/mn/LC_MESSAGES/bte-2.91-mn.mo[146/195] Building translation po/ms/LC_MESSAGES/bte-2.91-ms.mo[147/195] Building translation po/mr/LC_MESSAGES/bte-2.91-mr.mo[147/195] Building translation po/nb/LC_MESSAGES/bte-2.91-nb.mo[148/195] Building translation po/ms/LC_MESSAGES/bte-2.91-ms.mo[148/195] Building translation po/nds/LC_MESSAGES/bte-2.91-nds.mo[149/195] Building translation po/nb/LC_MESSAGES/bte-2.91-nb.mo[149/195] Building translation po/ne/LC_MESSAGES/bte-2.91-ne.mo[150/195] Building translation po/ne/LC_MESSAGES/bte-2.91-ne.mo[150/195] Building translation po/nl/LC_MESSAGES/bte-2.91-nl.mo[151/195] Building translation po/nds/LC_MESSAGES/bte-2.91-nds.mo[151/195] Building translation po/nn/LC_MESSAGES/bte-2.91-nn.mo[152/195] Building translation po/nl/LC_MESSAGES/bte-2.91-nl.mo[152/195] Building translation po/oc/LC_MESSAGES/bte-2.91-oc.mo[153/195] Building translation po/nn/LC_MESSAGES/bte-2.91-nn.mo[153/195] Building translation po/or/LC_MESSAGES/bte-2.91-or.mo[154/195] Building translation po/oc/LC_MESSAGES/bte-2.91-oc.mo[154/195] Building translation po/pa/LC_MESSAGES/bte-2.91-pa.mo[155/195] Building translation po/or/LC_MESSAGES/bte-2.91-or.mo[155/195] Building translation po/pl/LC_MESSAGES/bte-2.91-pl.mo[156/195] Building translation po/pl/LC_MESSAGES/bte-2.91-pl.mo[156/195] Building translation po/pt/LC_MESSAGES/bte-2.91-pt.mo[157/195] Building translation po/pa/LC_MESSAGES/bte-2.91-pa.mo[157/195] Building translation po/pt_BR/LC_MESSAGES/bte-2.91-pt_BR.mo[158/195] Building translation po/pt/LC_MESSAGES/bte-2.91-pt.mo[158/195] Building translation po/ro/LC_MESSAGES/bte-2.91-ro.mo[159/195] Building translation po/pt_BR/LC_MESSAGES/bte-2.91-pt_BR.mo[159/195] Building translation po/ru/LC_MESSAGES/bte-2.91-ru.mo[160/195] Building translation po/ro/LC_MESSAGES/bte-2.91-ro.mo[160/195] Building translation po/rw/LC_MESSAGES/bte-2.91-rw.mo[161/195] Building translation po/ru/LC_MESSAGES/bte-2.91-ru.mo[161/195] Building translation po/si/LC_MESSAGES/bte-2.91-si.mo[162/195] Building translation po/rw/LC_MESSAGES/bte-2.91-rw.mo[162/195] Building translation po/sk/LC_MESSAGES/bte-2.91-sk.mo[163/195] Building translation po/si/LC_MESSAGES/bte-2.91-si.mo[163/195] Building translation po/sl/LC_MESSAGES/bte-2.91-sl.mo[164/195] Building translation po/sk/LC_MESSAGES/bte-2.91-sk.mo[164/195] Building translation po/sq/LC_MESSAGES/bte-2.91-sq.mo[165/195] Building translation po/sl/LC_MESSAGES/bte-2.91-sl.mo[165/195] Building translation po/sr/LC_MESSAGES/bte-2.91-sr.mo[166/195] Building translation po/sq/LC_MESSAGES/bte-2.91-sq.mo[166/195] Building translation po/sr@latin/LC_MESSAGES/bte-2.91-sr@latin.mo[167/195] Building translation po/sr/LC_MESSAGES/bte-2.91-sr.mo[167/195] Building translation po/sv/LC_MESSAGES/bte-2.91-sv.mo[168/195] Building translation po/sr@latin/LC_MESSAGES/bte-2.91-sr@latin.mo[168/195] Building translation po/ta/LC_MESSAGES/bte-2.91-ta.mo[169/195] Building translation po/sv/LC_MESSAGES/bte-2.91-sv.mo[169/195] Building translation po/te/LC_MESSAGES/bte-2.91-te.mo[170/195] Building translation po/ta/LC_MESSAGES/bte-2.91-ta.mo[170/195] Building translation po/tg/LC_MESSAGES/bte-2.91-tg.mo[171/195] Building translation po/te/LC_MESSAGES/bte-2.91-te.mo[171/195] Building translation po/th/LC_MESSAGES/bte-2.91-th.mo[172/195] Building translation po/th/LC_MESSAGES/bte-2.91-th.mo[172/195] Building translation po/tr/LC_MESSAGES/bte-2.91-tr.mo[173/195] Building translation po/tg/LC_MESSAGES/bte-2.91-tg.mo[173/195] Building translation po/ug/LC_MESSAGES/bte-2.91-ug.mo[174/195] Building translation po/tr/LC_MESSAGES/bte-2.91-tr.mo[174/195] Building translation po/uk/LC_MESSAGES/bte-2.91-uk.mo[175/195] Building translation po/ug/LC_MESSAGES/bte-2.91-ug.mo[175/195] Building translation po/uz@cyrillic/LC_MESSAGES/bte-2.91-uz@cyrillic.mo[176/195] Building translation po/uk/LC_MESSAGES/bte-2.91-uk.mo[176/195] Building translation po/vi/LC_MESSAGES/bte-2.91-vi.mo[177/195] Building translation po/uz@cyrillic/LC_MESSAGES/bte-2.91-uz@cyrillic.mo[177/195] Building translation po/wa/LC_MESSAGES/bte-2.91-wa.mo[178/195] Building translation po/vi/LC_MESSAGES/bte-2.91-vi.mo[178/195] Building translation po/xh/LC_MESSAGES/bte-2.91-xh.mo[179/195] Compiling C++ object src/test-tabstops.p/tabstops-test.cc.o[179/195] Linking target src/test-tabstops[180/195] Building translation po/wa/LC_MESSAGES/bte-2.91-wa.mo[180/195] Building translation po/zh_CN/LC_MESSAGES/bte-2.91-zh_CN.mo[181/195] Building translation po/xh/LC_MESSAGES/bte-2.91-xh.mo[181/195] Building translation po/zh_HK/LC_MESSAGES/bte-2.91-zh_HK.mo[182/195] Building translation po/zh_CN/LC_MESSAGES/bte-2.91-zh_CN.mo[182/195] Building translation po/zh_TW/LC_MESSAGES/bte-2.91-zh_TW.mo[183/195] Building translation po/zh_TW/LC_MESSAGES/bte-2.91-zh_TW.mo[184/195] Building translation po/zh_HK/LC_MESSAGES/bte-2.91-zh_HK.mo[185/195] Linking target src/test-tabstops[186/195] Compiling C++ object src/test-parser.p/parser-test.cc.o
../src/parser-test.cc:37: warning: macro "_BTE_NOP" is not used [-Wunused-macros]
   37 | #define _BTE_NOP(...) _BTE_CMD(__VA_ARGS__)
      | 
In file included from ../src/parser-test.cc:33:
../src/parser-glue.hh:754:67: warning: Out of bound memory access (access exceeds upper limit of memory block) [alpha.security.ArrayBoundV2]
                                g_assert_true(bte_seq_arg_default(m_seq.args[m_seq.n_args - 1]));
                                                                  ^~~~~~~~~~~~~~~~~~~~~~~~~~~~
/usr/include/glib-2.0/glib/gtestutils.h:228:59: note: expanded from macro 'g_assert_true'
                                             if G_LIKELY (expr) ; else \
                                                          ^~~~
/usr/include/glib-2.0/glib/gmacros.h:1244:59: note: expanded from macro 'G_LIKELY'
#define G_LIKELY(expr) (__builtin_expect (_G_BOOLEAN_EXPR(expr), 1))
                                                          ^~~~
/usr/include/glib-2.0/glib/gmacros.h:1243:66: note: expanded from macro '_G_BOOLEAN_EXPR'
#define _G_BOOLEAN_EXPR(expr) _G_BOOLEAN_EXPR_IMPL (__COUNTER__, expr)
                                                                 ^~~~
/usr/include/glib-2.0/glib/gmacros.h:1237:8: note: expanded from macro '_G_BOOLEAN_EXPR_IMPL'
   if (expr)                                    \
       ^~~~
../src/parser-test.cc:261:14: warning: Value stored to 'buf' during its initialization is never read [deadcode.DeadStores]
        auto buf = bte_seq_string_get(&str, &len);
             ^~~   ~~~~~~~~~~~~~~~~~~~~~~~~~~~~~~
../src/parser-test.cc:268:17: warning: Value stored to 'buf' is never read [deadcode.DeadStores]
                buf = bte_seq_string_get(&str, &len);
                ^     ~~~~~~~~~~~~~~~~~~~~~~~~~~~~~~
../src/parser-test.cc:281:9: warning: Value stored to 'buf' is never read [deadcode.DeadStores]
        buf = bte_seq_string_get(&str, &len);
        ^     ~~~~~~~~~~~~~~~~~~~~~~~~~~~~~~
4 warnings generated.
[186/195] Linking target src/test-parser[187/195] Linking target src/test-parser[188/195] Compiling C++ object src/app/bte-2.91.p/app.cc.o
../src/app/app.cc:971: warning: macro "BTEAPP_IS_TERMINAL_CLASS" is not used [-Wunused-macros]
  971 | #define BTEAPP_IS_TERMINAL_CLASS(k)  (G_TYPE_CHECK_CLASS_TYPE((k), BTEAPP_TYPE_TERMINAL))
      | 
../src/app/app.cc:2285: warning: macro "BTEAPP_APPLICATION_GET_CLASS" is not used [-Wunused-macros]
 2285 | #define BTEAPP_APPLICATION_GET_CLASS(o) (G_TYPE_INSTANCE_GET_CLASS((o), BTEAPP_TYPE_APPLICATION, BteappApplicationClass))
      | 
../src/app/app.cc:2283: warning: macro "BTEAPP_IS_APPLICATION" is not used [-Wunused-macros]
 2283 | #define BTEAPP_IS_APPLICATION(o)        (G_TYPE_CHECK_INSTANCE_TYPE((o), BTEAPP_TYPE_APPLICATION))
      | 
../src/app/app.cc:741: warning: macro "BTEAPP_SEARCH_POPOVER_GET_CLASS" is not used [-Wunused-macros]
  741 | #define BTEAPP_SEARCH_POPOVER_GET_CLASS(o) (G_TYPE_INSTANCE_GET_CLASS((o), BTEAPP_TYPE_SEARCH_POPOVER, BteappSearchPopoverClass))
      | 
../src/app/app.cc:739: warning: macro "BTEAPP_IS_SEARCH_POPOVER" is not used [-Wunused-macros]
  739 | #define BTEAPP_IS_SEARCH_POPOVER(o)        (G_TYPE_CHECK_INSTANCE_TYPE((o), BTEAPP_TYPE_SEARCH_POPOVER))
      | 
../src/app/app.cc:1132: warning: macro "BTEAPP_IS_WINDOW_CLASS" is not used [-Wunused-macros]
 1132 | #define BTEAPP_IS_WINDOW_CLASS(k)  (G_TYPE_CHECK_CLASS_TYPE((k), BTEAPP_TYPE_WINDOW))
      | 
../src/app/app.cc:1133: warning: macro "BTEAPP_WINDOW_GET_CLASS" is not used [-Wunused-macros]
 1133 | #define BTEAPP_WINDOW_GET_CLASS(o) (G_TYPE_INSTANCE_GET_CLASS((o), BTEAPP_TYPE_WINDOW, BteappWindowClass))
      | 
../src/app/app.cc:972: warning: macro "BTEAPP_TERMINAL_GET_CLASS" is not used [-Wunused-macros]
  972 | #define BTEAPP_TERMINAL_GET_CLASS(o) (G_TYPE_INSTANCE_GET_CLASS((o), BTEAPP_TYPE_TERMINAL, BteappTerminalClass))
      | 
../src/app/app.cc:2282: warning: macro "BTEAPP_APPLICATION_CLASS" is not used [-Wunused-macros]
 2282 | #define BTEAPP_APPLICATION_CLASS(k)     (G_TYPE_CHECK_CLASS_CAST((k), BTEAPP_TYPE_APPLICATION, BteappApplicationClass))
      | 
../src/app/app.cc:1130: warning: macro "BTEAPP_WINDOW_CLASS" is not used [-Wunused-macros]
 1130 | #define BTEAPP_WINDOW_CLASS(k)     (G_TYPE_CHECK_CLASS_CAST((k), BTEAPP_TYPE_WINDOW, BteappWindowClass))
      | 
../src/app/app.cc:740: warning: macro "BTEAPP_IS_SEARCH_POPOVER_CLASS" is not used [-Wunused-macros]
  740 | #define BTEAPP_IS_SEARCH_POPOVER_CLASS(k)  (G_TYPE_CHECK_CLASS_TYPE((k), BTEAPP_TYPE_SEARCH_POPOVER))
      | 
../src/app/app.cc:738: warning: macro "BTEAPP_SEARCH_POPOVER_CLASS" is not used [-Wunused-macros]
  738 | #define BTEAPP_SEARCH_POPOVER_CLASS(k)     (G_TYPE_CHECK_CLASS_CAST((k), BTEAPP_TYPE_SEARCH_POPOVER, BteappSearchPopoverClass))
      | 
../src/app/app.cc:969: warning: macro "BTEAPP_TERMINAL_CLASS" is not used [-Wunused-macros]
  969 | #define BTEAPP_TERMINAL_CLASS(k)     (G_TYPE_CHECK_CLASS_CAST((k), BTEAPP_TYPE_TERMINAL, BteappTerminalClass))
      | 
../src/app/app.cc:970: warning: macro "BTEAPP_IS_TERMINAL" is not used [-Wunused-macros]
  970 | #define BTEAPP_IS_TERMINAL(o)        (G_TYPE_CHECK_INSTANCE_TYPE((o), BTEAPP_TYPE_TERMINAL))
      | 
../src/app/app.cc:2284: warning: macro "BTEAPP_IS_APPLICATION_CLASS" is not used [-Wunused-macros]
 2284 | #define BTEAPP_IS_APPLICATION_CLASS(k)  (G_TYPE_CHECK_CLASS_TYPE((k), BTEAPP_TYPE_APPLICATION))
      | 
[189/195] Compiling C++ object src/libbte-2.91.so.0.6500.0.p/bte.cc.o
../src/bte.cc:89: warning: macro "I_" is not used [-Wunused-macros]
   89 | #define I_(string) (g_intern_static_string(string))
      | 
In file included from ../src/bte.cc:38:
In file included from ../src/bteinternal.hh:40:
In file included from ../src/ring.hh:28:
In file included from ../src/bterowdata.hh:30:
In file included from ../src/cell.hh:42:
../src/color-triple.hh:54:20: warning: The left operand of '&' is a garbage value [core.UndefinedBinaryOperatorResult]
        *ct = (*ct & ~BTE_COLOR_TRIPLE_FORE_MASK) | (uint64_t(fore)) << BTE_COLOR_TRIPLE_FORE_SHIFT;
               ~~~ ^
../src/color-triple.hh:60:20: warning: The left operand of '&' is a garbage value [core.UndefinedBinaryOperatorResult]
        *ct = (*ct & ~BTE_COLOR_TRIPLE_BACK_MASK) | (uint64_t(back)) << BTE_COLOR_TRIPLE_BACK_SHIFT;
               ~~~ ^
../src/bte.cc:787:1: warning: This statement is never executed [alpha.deadcode.UnreachableCode]
try
^~~
../src/bte.cc:822:1: warning: This statement is never executed [alpha.deadcode.UnreachableCode]
try
^~~
../src/bte.cc:3101:1: warning: This statement is never executed [alpha.deadcode.UnreachableCode]
try
^~~
../src/bte.cc:4685:6: warning: Value stored to 'suppress_alt_esc' is never read [deadcode.DeadStores]
                                        suppress_alt_esc = FALSE;
                                        ^                  ~~~~~
../src/bte.cc:4717:5: warning: Value stored to 'suppress_alt_esc' is never read [deadcode.DeadStores]
                                suppress_alt_esc = FALSE;
                                ^                  ~~~~~
../src/bte.cc:7625:1: warning: This statement is never executed [alpha.deadcode.UnreachableCode]
try
^~~
../src/bte.cc:8389:14: warning: 1st function call argument is an uninitialized value [core.CallAndMessage]
                gint len = g_unichar_to_utf8 (cells[i].c, ubuf);
                           ^~~~~~~~~~~~~~~~~~~~~~~~~~~~~~~~~~~~
../src/bte.cc:8623:25: warning: The left operand of '&' is a garbage value [core.UndefinedBinaryOperatorResult]
                                        cells[j].attr.attr & attr_mask,
                                        ~~~~~~~~~~~~~~~~~~ ^
10 warnings generated.
[189/195] Linking target src/libbte-2.91.so.0.6500.0[190/195] Linking target src/libbte-2.91.so.0.6500.0[190/195] Generating symbol file src/libbte-2.91.so.0.6500.0.p/libbte-2.91.so.0.6500.0.symbols[190/195] Generating bindings/gir/Bte-2.91.gir with a custom command (wrapped by meson to set env)[191/195] Generating symbol file src/libbte-2.91.so.0.6500.0.p/libbte-2.91.so.0.6500.0.symbols[191/195] Linking target src/reflect-bte[191/195] Linking target src/app/bte-2.91[192/195] Linking target src/app/bte-2.91[193/195] Linking target src/reflect-bte[194/195] Generating bindings/gir/Bte-2.91.gir with a custom command (wrapped by meson to set env)
/rootdir/_build/tmp-introspectmb6194wk/Bte-2.91.c:239:11: warning: This statement is never executed [alpha.deadcode.UnreachableCode]
          break;
          ^~~~~
/rootdir/_build/tmp-introspectmb6194wk/Bte-2.91.c:246:11: warning: This statement is never executed [alpha.deadcode.UnreachableCode]
          break;
          ^~~~~
/rootdir/_build/tmp-introspectmb6194wk/Bte-2.91.c:799:27: warning: Access to field 'message' results in a dereference of a null pointer (loaded from variable 'error') [core.NullDereference]
      g_printerr ("%s\n", error->message);
                          ^~~~~~~~~~~~~~
3 warnings generated.
../src/bte/btepty.h:113: Warning: Bte: Couldn't find 'spawn_with_fds_finish' for the corresponding async function: 'spawn_with_fds_async'
[194/195] Generating bindings/gir/Bte-2.91.typelib with a custom command[195/195] Generating bindings/gir/Bte-2.91.typelib with a custom command
scan-build: Analysis run complete.
scan-build: 174 bugs found.
scan-build: Run 'scan-view /rootdir/html-report/2024-08-05-222352-10670-1' to examine bug reports.
Listing... 0%Listing... 0%Listing... 0%              adduser/testing,now 3.137 all [installed,automatic]
adwaita-icon-theme/testing,now 46.0-1 all [installed,automatic]
apt/now 2.9.6 amd64 [installed,upgradable to: 2.9.7]
aptitude-common/testing,now 0.8.13-6 all [installed,automatic]
aptitude/testing,now 0.8.13-6 amd64 [installed]
at-spi2-common/testing,now 2.52.0-1 all [installed,automatic]
at-spi2-core/testing,now 2.52.0-1 amd64 [installed,automatic]
base-files/testing,now 13.3 amd64 [installed,automatic]
base-passwd/testing,now 3.6.4 amd64 [installed,automatic]
bash/testing,now 5.2.21-2.1 amd64 [installed,automatic]
binfmt-support/testing,now 2.2.2-7 amd64 [installed,automatic]
binutils-common/testing,now 2.42.90.20240720-2 amd64 [installed,automatic]
binutils-x86-64-linux-gnu/testing,now 2.42.90.20240720-2 amd64 [installed,automatic]
binutils/testing,now 2.42.90.20240720-2 amd64 [installed,automatic]
bsdutils/testing,now 1:2.40.2-1 amd64 [installed,automatic]
build-essential/testing,now 12.10 amd64 [installed,automatic]
bzip2-doc/testing,now 1.0.8-5.1 all [installed,automatic]
bzip2/testing,now 1.0.8-5.1 amd64 [installed,automatic]
ca-certificates/testing,now 20240203 all [installed,automatic]
clang-16/testing,now 1:16.0.6-27+b1 amd64 [installed,automatic]
clang-tools-16/testing,now 1:16.0.6-27+b1 amd64 [installed,automatic]
clang-tools/testing,now 1:16.0-58.1 amd64 [installed]
coreutils/testing,now 9.4-3.1 amd64 [installed,automatic]
cpp-13-x86-64-linux-gnu/testing,now 13.3.0-3 amd64 [installed,automatic]
cpp-13/testing,now 13.3.0-3 amd64 [installed,automatic]
cpp-x86-64-linux-gnu/testing,now 4:13.2.0-7 amd64 [installed,automatic]
cpp/testing,now 4:13.2.0-7 amd64 [installed,automatic]
cppcheck/testing,now 2.14.0-1+b1 amd64 [installed]
ctk-update-icon-cache/unknown,now 3.25.5-1 amd64 [installed,automatic]
dash/testing,now 0.5.12-9 amd64 [installed,automatic]
dbus-bin/testing,now 1.14.10-4+b1 amd64 [installed,automatic]
dbus-daemon/testing,now 1.14.10-4+b1 amd64 [installed,automatic]
dbus-session-bus-common/testing,now 1.14.10-4 all [installed,automatic]
dbus-system-bus-common/testing,now 1.14.10-4 all [installed,automatic]
dbus-user-session/testing,now 1.14.10-4+b1 amd64 [installed,automatic]
dbus/testing,now 1.14.10-4+b1 amd64 [installed,automatic]
dconf-gsettings-backend/testing,now 0.40.0-4+b2 amd64 [installed,automatic]
dconf-service/testing,now 0.40.0-4+b2 amd64 [installed,automatic]
debconf/testing,now 1.5.87 all [installed,automatic]
debian-archive-keyring/testing,now 2023.4 all [installed,automatic]
debianutils/testing,now 5.20 amd64 [installed,automatic]
diffutils/testing,now 1:3.10-1 amd64 [installed,automatic]
dirmngr/testing,now 2.2.43-8 amd64 [installed,automatic]
dmsetup/testing,now 2:1.02.196-1+b1 amd64 [installed,automatic]
docbook-to-man/testing,now 1:2.0.0-47 amd64 [installed,automatic]
docbook-xml/testing,now 4.5-13 all [installed,automatic]
docbook-xsl/testing,now 1.79.2+dfsg-7 all [installed,automatic]
docbook/testing,now 4.5-11 all [installed,automatic]
dpkg-dev/testing,now 1.22.11 all [installed,automatic]
dpkg/testing,now 1.22.11 amd64 [installed,automatic]
e2fsprogs/testing,now 1.47.1-1 amd64 [installed,automatic]
expect/testing,now 5.45.4-3 amd64 [installed]
fakeroot/testing,now 1.33-1 amd64 [installed,automatic]
findutils/testing,now 4.10.0-2 amd64 [installed,automatic]
fontconfig-config/testing,now 2.15.0-1.1 amd64 [installed,automatic]
fontconfig/testing,now 2.15.0-1.1 amd64 [installed,automatic]
fonts-dejavu-core/testing,now 2.37-8 all [installed,automatic]
fonts-dejavu-mono/testing,now 2.37-8 all [installed,automatic]
g++-13-x86-64-linux-gnu/testing,now 13.3.0-3 amd64 [installed,automatic]
g++-13/testing,now 13.3.0-3 amd64 [installed,automatic]
g++-x86-64-linux-gnu/testing,now 4:13.2.0-7 amd64 [installed,automatic]
g++/testing,now 4:13.2.0-7 amd64 [installed,automatic]
gcc-13-base/testing,now 13.3.0-3 amd64 [installed,automatic]
gcc-13-x86-64-linux-gnu/testing,now 13.3.0-3 amd64 [installed,automatic]
gcc-13/testing,now 13.3.0-3 amd64 [installed,automatic]
gcc-14-base/testing,now 14-20240330-1 amd64 [installed,automatic]
gcc-x86-64-linux-gnu/testing,now 4:13.2.0-7 amd64 [installed,automatic]
gcc/testing,now 4:13.2.0-7 amd64 [installed,automatic]
gettext-base/testing,now 0.22.5-2 amd64 [installed,automatic]
gettext/testing,now 0.22.5-2 amd64 [installed]
gir1.2-atk-1.0/testing,now 2.52.0-1 amd64 [installed,automatic]
gir1.2-atspi-2.0/testing,now 2.52.0-1 amd64 [installed,automatic]
gir1.2-ctk-3.0/unknown,now 3.25.5-1 amd64 [installed]
gir1.2-freedesktop-dev/testing,now 1.80.1-3+b1 amd64 [installed,automatic]
gir1.2-freedesktop/testing,now 1.80.1-3+b1 amd64 [installed,automatic]
gir1.2-gdkpixbuf-2.0/testing,now 2.42.12+dfsg-1 amd64 [installed,automatic]
gir1.2-girepository-2.0-dev/testing,now 1.80.1-3+b1 amd64 [installed,automatic]
gir1.2-girepository-2.0/testing,now 1.80.1-3+b1 amd64 [installed,automatic]
gir1.2-glib-2.0-dev/testing,now 2.80.4-1 amd64 [installed,automatic]
gir1.2-glib-2.0/testing,now 2.80.4-1 amd64 [installed,automatic]
gir1.2-harfbuzz-0.0/testing,now 8.3.0-2+b1 amd64 [installed,automatic]
gir1.2-pango-1.0/testing,now 1.54.0+ds-1 amd64 [installed,automatic]
git-man/testing,now 1:2.43.0-1 all [installed,automatic]
git/testing,now 1:2.43.0-1+b1 amd64 [installed]
gnupg-l10n/testing,now 2.2.43-8 all [installed,automatic]
gnupg-utils/testing,now 2.2.43-8 amd64 [installed,automatic]
gnupg/testing,now 2.2.43-8 all [installed,automatic]
gobject-introspection-bin/testing,now 1.80.1-3+b1 amd64 [installed,automatic]
gobject-introspection/testing,now 1.80.1-3+b1 amd64 [installed,automatic]
gpg-agent/testing,now 2.2.43-8 amd64 [installed,automatic]
gpg-wks-client/testing,now 2.2.43-8 amd64 [installed,automatic]
gpg/testing,now 2.2.43-8 amd64 [installed,automatic]
gpgconf/testing,now 2.2.43-8 amd64 [installed,automatic]
gpgsm/testing,now 2.2.43-8 amd64 [installed,automatic]
gpgv/testing,now 2.2.43-8 amd64 [installed,automatic]
grep/testing,now 3.11-4 amd64 [installed,automatic]
gsettings-desktop-schemas/testing,now 47~alpha-2 all [installed,automatic]
gtk-doc-tools/testing,now 1.34.0-1 all [installed]
gtk-update-icon-cache/testing,now 3.24.43-1 amd64 [installed,automatic]
gzip/testing,now 1.12-1.1 amd64 [installed,automatic]
hicolor-icon-theme/testing,now 0.18-1 all [installed,automatic]
hostname/testing,now 3.23+nmu2 amd64 [installed,automatic]
icu-devtools/testing,now 72.1-5 amd64 [installed,automatic]
init-system-helpers/testing,now 1.66 all [installed,automatic]
krb5-locales/testing,now 1.21.3-3 all [installed,automatic]
less/testing,now 643-1 amd64 [installed,automatic]
lib32gcc-s1/testing,now 14-20240330-1 amd64 [installed,automatic]
lib32stdc++6/testing,now 14-20240330-1 amd64 [installed,automatic]
libacl1/testing,now 2.3.2-2 amd64 [installed,automatic]
libalgorithm-diff-perl/testing,now 1.201-1 all [installed,automatic]
libalgorithm-diff-xs-perl/testing,now 0.04-8+b3 amd64 [installed,automatic]
libalgorithm-merge-perl/testing,now 0.08-5 all [installed,automatic]
libapparmor1/testing,now 3.1.7-1+b1 amd64 [installed,automatic]
libapt-pkg6.0t64/now 2.9.6 amd64 [installed,upgradable to: 2.9.7]
libasan8/testing,now 14-20240330-1 amd64 [installed,automatic]
libassuan0/testing,now 2.5.6-1+b1 amd64 [installed,automatic]
libatk-bridge2.0-0t64/testing,now 2.52.0-1 amd64 [installed,automatic]
libatk-bridge2.0-dev/testing,now 2.52.0-1 amd64 [installed,automatic]
libatk1.0-0t64/testing,now 2.52.0-1 amd64 [installed,automatic]
libatk1.0-dev/testing,now 2.52.0-1 amd64 [installed,automatic]
libatomic1/testing,now 14-20240330-1 amd64 [installed,automatic]
libatspi2.0-0t64/testing,now 2.52.0-1 amd64 [installed,automatic]
libatspi2.0-dev/testing,now 2.52.0-1 amd64 [installed,automatic]
libattr1/testing,now 1:2.5.2-1 amd64 [installed,automatic]
libaudit-common/testing,now 1:3.1.2-4 all [installed,automatic]
libaudit1/testing,now 1:3.1.2-4+b1 amd64 [installed,automatic]
libavahi-client3/testing,now 0.8-13+b2 amd64 [installed,automatic]
libavahi-common-data/testing,now 0.8-13+b2 amd64 [installed,automatic]
libavahi-common3/testing,now 0.8-13+b2 amd64 [installed,automatic]
libbinutils/testing,now 2.42.90.20240720-2 amd64 [installed,automatic]
libblkid-dev/testing,now 2.40.2-1 amd64 [installed,automatic]
libblkid1/testing,now 2.40.2-1 amd64 [installed,automatic]
libboost-iostreams1.83.0/testing,now 1.83.0-3+b2 amd64 [installed,automatic]
libbrotli-dev/testing,now 1.1.0-2+b4 amd64 [installed,automatic]
libbrotli1/testing,now 1.1.0-2+b4 amd64 [installed,automatic]
libbsd0/testing,now 0.12.2-1 amd64 [installed,automatic]
libbz2-1.0/testing,now 1.0.8-5.1 amd64 [installed,automatic]
libbz2-dev/testing,now 1.0.8-5.1 amd64 [installed,automatic]
libc-bin/testing,now 2.39-6 amd64 [installed,automatic]
libc-dev-bin/testing,now 2.39-6 amd64 [installed,automatic]
libc6-dev/testing,now 2.39-6 amd64 [installed,automatic]
libc6-i386/testing,now 2.39-6 amd64 [installed,automatic]
libc6/testing,now 2.39-6 amd64 [installed,automatic]
libcairo-gobject2/testing,now 1.18.0-3+b1 amd64 [installed,automatic]
libcairo-script-interpreter2/testing,now 1.18.0-3+b1 amd64 [installed,automatic]
libcairo2-dev/testing,now 1.18.0-3+b1 amd64 [installed,automatic]
libcairo2/testing,now 1.18.0-3+b1 amd64 [installed,automatic]
libcap-ng0/testing,now 0.8.5-1+b1 amd64 [installed,automatic]
libcap2/testing,now 1:2.66-5 amd64 [installed,automatic]
libcbor0.10/testing,now 0.10.2-1.1 amd64 [installed,automatic]
libcc1-0/testing,now 14-20240330-1 amd64 [installed,automatic]
libclang-common-16-dev/testing,now 1:16.0.6-27+b1 amd64 [installed,automatic]
libclang-cpp16t64/testing,now 1:16.0.6-27+b1 amd64 [installed,automatic]
libclang-rt-16-dev/testing,now 1:16.0.6-27+b1 amd64 [installed,automatic]
libclang1-16t64/testing,now 1:16.0.6-27+b1 amd64 [installed,automatic]
libcolord2/testing,now 1.4.7-1+b1 amd64 [installed,automatic]
libcom-err2/testing,now 1.47.1-1 amd64 [installed,automatic]
libcrypt-dev/testing,now 1:4.4.36-4 amd64 [installed,automatic]
libcrypt1/testing,now 1:4.4.36-4 amd64 [installed,automatic]
libcryptsetup12/testing,now 2:2.7.2-2 amd64 [installed,automatic]
libctf-nobfd0/testing,now 2.42.90.20240720-2 amd64 [installed,automatic]
libctf0/testing,now 2.42.90.20240720-2 amd64 [installed,automatic]
libctk-3-0/unknown,now 3.25.5-1 amd64 [installed]
libctk-3-bin/unknown,now 3.25.5-1 amd64 [installed,automatic]
libctk-3-common/unknown,now 3.25.5-1 all [installed]
libctk-3-dev/unknown,now 3.25.5-1 amd64 [installed]
libcups2t64/testing,now 2.4.10-1 amd64 [installed,automatic]
libcurl3t64-gnutls/testing,now 8.8.0-4 amd64 [installed,automatic]
libcurl4t64/testing,now 8.8.0-4 amd64 [installed,automatic]
libcwidget4/testing,now 0.5.18-6+b1 amd64 [installed,automatic]
libdatrie-dev/testing,now 0.2.13-3 amd64 [installed,automatic]
libdatrie1/testing,now 0.2.13-3 amd64 [installed,automatic]
libdb5.3t64/testing,now 5.3.28+dfsg2-7 amd64 [installed,automatic]
libdbus-1-3/testing,now 1.14.10-4+b1 amd64 [installed,automatic]
libdbus-1-dev/testing,now 1.14.10-4+b1 amd64 [installed,automatic]
libdconf1/testing,now 0.40.0-4+b2 amd64 [installed,automatic]
libdebconfclient0/testing,now 0.272 amd64 [installed,automatic]
libdeflate-dev/testing,now 1.20-1 amd64 [installed,automatic]
libdeflate0/testing,now 1.20-1 amd64 [installed,automatic]
libdevmapper1.02.1/testing,now 2:1.02.196-1+b1 amd64 [installed,automatic]
libdpkg-perl/testing,now 1.22.11 all [installed,automatic]
libdrm-amdgpu1/testing,now 2.4.121-2 amd64 [installed,automatic]
libdrm-common/testing,now 2.4.121-2 all [installed,automatic]
libdrm-intel1/testing,now 2.4.121-2 amd64 [installed,automatic]
libdrm-radeon1/testing,now 2.4.121-2 amd64 [installed,automatic]
libdrm2/testing,now 2.4.121-2 amd64 [installed,automatic]
libedit2/testing,now 3.1-20240517-1 amd64 [installed,automatic]
libegl-dev/testing,now 1.7.0-1+b1 amd64 [installed,automatic]
libegl-mesa0/testing,now 24.1.3-2 amd64 [installed,automatic]
libegl1-mesa-dev/testing,now 24.1.3-2 amd64 [installed,automatic]
libegl1/testing,now 1.7.0-1+b1 amd64 [installed,automatic]
libelf1t64/testing,now 0.191-2 amd64 [installed,automatic]
libepoxy-dev/testing,now 1.5.10-1+b2 amd64 [installed,automatic]
libepoxy0/testing,now 1.5.10-1+b2 amd64 [installed,automatic]
liberror-perl/testing,now 0.17029-2 all [installed,automatic]
libevent-2.1-7t64/testing,now 2.1.12-stable-10 amd64 [installed,automatic]
libexpat1-dev/testing,now 2.6.2-1 amd64 [installed,automatic]
libexpat1/testing,now 2.6.2-1 amd64 [installed,automatic]
libext2fs2t64/testing,now 1.47.1-1 amd64 [installed,automatic]
libfakeroot/testing,now 1.33-1 amd64 [installed,automatic]
libffi-dev/testing,now 3.4.6-1 amd64 [installed,automatic]
libffi8/testing,now 3.4.6-1 amd64 [installed,automatic]
libfido2-1/testing,now 1.15.0-1 amd64 [installed,automatic]
libfile-fcntllock-perl/testing,now 0.22-4+b3 amd64 [installed,automatic]
libfontconfig-dev/testing,now 2.15.0-1.1 amd64 [installed,automatic]
libfontconfig1/testing,now 2.15.0-1.1 amd64 [installed,automatic]
libfreetype-dev/testing,now 2.13.2+dfsg-1+b4 amd64 [installed,automatic]
libfreetype6/testing,now 2.13.2+dfsg-1+b4 amd64 [installed,automatic]
libfribidi-dev/testing,now 1.0.15-1 amd64 [installed,automatic]
libfribidi0/testing,now 1.0.15-1 amd64 [installed,automatic]
libgbm1/testing,now 24.1.3-2 amd64 [installed,automatic]
libgc1/testing,now 1:8.2.6-2 amd64 [installed,automatic]
libgcc-13-dev/testing,now 13.3.0-3 amd64 [installed,automatic]
libgcc-s1/testing,now 14-20240330-1 amd64 [installed,automatic]
libgcrypt20/testing,now 1.11.0-2 amd64 [installed,automatic]
libgdbm-compat4t64/testing,now 1.23-6 amd64 [installed,automatic]
libgdbm6t64/testing,now 1.23-6 amd64 [installed,automatic]
libgdk-pixbuf-2.0-0/testing,now 2.42.12+dfsg-1 amd64 [installed,automatic]
libgdk-pixbuf-2.0-dev/testing,now 2.42.12+dfsg-1 amd64 [installed,automatic]
libgdk-pixbuf2.0-bin/testing,now 2.42.12+dfsg-1 amd64 [installed,automatic]
libgdk-pixbuf2.0-common/testing,now 2.42.12+dfsg-1 all [installed,automatic]
libgirepository-1.0-1/testing,now 1.80.1-3+b1 amd64 [installed,automatic]
libgirepository-1.0-dev/testing,now 1.80.1-3+b1 amd64 [installed,automatic]
libgirepository-2.0-0/testing,now 2.80.4-1 amd64 [installed,automatic]
libgirepository1.0-dev/testing,now 1.80.1-3+b1 amd64 [installed]
libgl-dev/testing,now 1.7.0-1+b1 amd64 [installed,automatic]
libgl1-mesa-dri/testing,now 24.1.3-2 amd64 [installed,automatic]
libgl1/testing,now 1.7.0-1+b1 amd64 [installed,automatic]
libglapi-mesa/testing,now 24.1.3-2 amd64 [installed,automatic]
libgles-dev/testing,now 1.7.0-1+b1 amd64 [installed,automatic]
libgles1/testing,now 1.7.0-1+b1 amd64 [installed,automatic]
libgles2/testing,now 1.7.0-1+b1 amd64 [installed,automatic]
libglib2.0-0t64/testing,now 2.80.4-1 amd64 [installed,automatic]
libglib2.0-bin/testing,now 2.80.4-1 amd64 [installed,automatic]
libglib2.0-data/testing,now 2.80.4-1 all [installed,automatic]
libglib2.0-dev-bin/testing,now 2.80.4-1 amd64 [installed,automatic]
libglib2.0-dev/testing,now 2.80.4-1 amd64 [installed]
libglvnd-core-dev/testing,now 1.7.0-1+b1 amd64 [installed,automatic]
libglvnd-dev/testing,now 1.7.0-1+b1 amd64 [installed,automatic]
libglvnd0/testing,now 1.7.0-1+b1 amd64 [installed,automatic]
libglx-dev/testing,now 1.7.0-1+b1 amd64 [installed,automatic]
libglx-mesa0/testing,now 24.1.3-2 amd64 [installed,automatic]
libglx0/testing,now 1.7.0-1+b1 amd64 [installed,automatic]
libgmp-dev/testing,now 2:6.3.0+dfsg-2+b1 amd64 [installed,automatic]
libgmp10/testing,now 2:6.3.0+dfsg-2+b1 amd64 [installed,automatic]
libgmpxx4ldbl/testing,now 2:6.3.0+dfsg-2+b1 amd64 [installed,automatic]
libgnutls-dane0t64/testing,now 3.8.6-2 amd64 [installed,automatic]
libgnutls-openssl27t64/testing,now 3.8.6-2 amd64 [installed,automatic]
libgnutls28-dev/testing,now 3.8.6-2 amd64 [installed]
libgnutls30t64/testing,now 3.8.6-2 amd64 [installed,automatic]
libgomp1/testing,now 14-20240330-1 amd64 [installed,automatic]
libgpg-error0/testing,now 1.49-2 amd64 [installed,automatic]
libgpm2/testing,now 1.20.7-11 amd64 [installed,automatic]
libgprofng0/testing,now 2.42.90.20240720-2 amd64 [installed,automatic]
libgraphite2-3/testing,now 1.3.14-2 amd64 [installed,automatic]
libgraphite2-dev/testing,now 1.3.14-2 amd64 [installed,automatic]
libgssapi-krb5-2/testing,now 1.21.3-3 amd64 [installed,automatic]
libharfbuzz-cairo0/testing,now 8.3.0-2+b1 amd64 [installed,automatic]
libharfbuzz-dev/testing,now 8.3.0-2+b1 amd64 [installed,automatic]
libharfbuzz-gobject0/testing,now 8.3.0-2+b1 amd64 [installed,automatic]
libharfbuzz-icu0/testing,now 8.3.0-2+b1 amd64 [installed,automatic]
libharfbuzz-subset0/testing,now 8.3.0-2+b1 amd64 [installed,automatic]
libharfbuzz0b/testing,now 8.3.0-2+b1 amd64 [installed,automatic]
libhogweed6t64/testing,now 3.10-1 amd64 [installed,automatic]
libhwasan0/testing,now 14-20240330-1 amd64 [installed,automatic]
libice-dev/testing,now 2:1.0.10-1+b1 amd64 [installed,automatic]
libice6/testing,now 2:1.0.10-1+b1 amd64 [installed,automatic]
libicu-dev/testing,now 72.1-5 amd64 [installed,automatic]
libicu72/testing,now 72.1-5 amd64 [installed,automatic]
libidn2-0/testing,now 2.3.7-2 amd64 [installed,automatic]
libidn2-dev/testing,now 2.3.7-2 amd64 [installed,automatic]
libisl23/testing,now 0.26-3+b2 amd64 [installed,automatic]
libitm1/testing,now 14-20240330-1 amd64 [installed,automatic]
libjansson4/testing,now 2.14-2+b2 amd64 [installed,automatic]
libjbig-dev/testing,now 2.1-6.1+b1 amd64 [installed,automatic]
libjbig0/testing,now 2.1-6.1+b1 amd64 [installed,automatic]
libjpeg-dev/testing,now 1:2.1.5-3 amd64 [installed,automatic]
libjpeg62-turbo-dev/testing,now 1:2.1.5-3 amd64 [installed,automatic]
libjpeg62-turbo/testing,now 1:2.1.5-3 amd64 [installed,automatic]
libjson-c5/testing,now 0.17-1+b1 amd64 [installed,automatic]
libk5crypto3/testing,now 1.21.3-3 amd64 [installed,automatic]
libkeyutils1/testing,now 1.6.3-3 amd64 [installed,automatic]
libkmod2/testing,now 32+20240611-1 amd64 [installed,automatic]
libkrb5-3/testing,now 1.21.3-3 amd64 [installed,automatic]
libkrb5support0/testing,now 1.21.3-3 amd64 [installed,automatic]
libksba8/testing,now 1.6.7-2 amd64 [installed,automatic]
liblcms2-2/testing,now 2.14-2+b1 amd64 [installed,automatic]
libldap-2.5-0/testing,now 2.5.18+dfsg-2 amd64 [installed,automatic]
libldap-common/testing,now 2.5.18+dfsg-2 all [installed,automatic]
liblerc-dev/testing,now 4.0.0+ds-4+b1 amd64 [installed,automatic]
liblerc4/testing,now 4.0.0+ds-4+b1 amd64 [installed,automatic]
libllvm16t64/testing,now 1:16.0.6-27+b1 amd64 [installed,automatic]
libllvm17t64/testing,now 1:17.0.6-12+b1 amd64 [installed,automatic]
liblocale-gettext-perl/testing,now 1.07-7 amd64 [installed,automatic]
liblsan0/testing,now 14-20240330-1 amd64 [installed,automatic]
liblz4-1/now 1.9.4-2 amd64 [installed,upgradable to: 1.9.4-3]
liblzma-dev/testing,now 5.6.2-2 amd64 [installed,automatic]
liblzma5/testing,now 5.6.2-2 amd64 [installed,automatic]
liblzo2-2/testing,now 2.10-3 amd64 [installed,automatic]
libmd0/testing,now 1.1.0-2 amd64 [installed,automatic]
libmount-dev/testing,now 2.40.2-1 amd64 [installed,automatic]
libmount1/testing,now 2.40.2-1 amd64 [installed,automatic]
libmpc3/testing,now 1.3.1-1+b2 amd64 [installed,automatic]
libmpfr6/testing,now 4.2.1-1+b1 amd64 [installed,automatic]
libncurses-dev/testing,now 6.5-2 amd64 [installed,automatic]
libncurses6/testing,now 6.5-2 amd64 [installed,automatic]
libncursesw6/testing,now 6.5-2 amd64 [installed,automatic]
libnettle8t64/testing,now 3.10-1 amd64 [installed,automatic]
libnghttp2-14/testing,now 1.62.1-2 amd64 [installed,automatic]
libnghttp3-9/testing,now 1.4.0-1 amd64 [installed,automatic]
libngtcp2-16/testing,now 1.6.0-1 amd64 [installed,automatic]
libngtcp2-crypto-gnutls8/testing,now 1.6.0-1 amd64 [installed,automatic]
libnpth0t64/testing,now 1.6-3.1 amd64 [installed,automatic]
libnss-systemd/testing,now 256.4-2 amd64 [installed,automatic]
libobjc-13-dev/testing,now 13.3.0-3 amd64 [installed,automatic]
libobjc4/testing,now 14-20240330-1 amd64 [installed,automatic]
libopengl-dev/testing,now 1.7.0-1+b1 amd64 [installed,automatic]
libopengl0/testing,now 1.7.0-1+b1 amd64 [installed,automatic]
libosp5/testing,now 1.5.2-15 amd64 [installed,automatic]
libp11-kit-dev/testing,now 0.25.5-2 amd64 [installed,automatic]
libp11-kit0/testing,now 0.25.5-2 amd64 [installed,automatic]
libpam-modules-bin/testing,now 1.5.3-7 amd64 [installed,automatic]
libpam-modules/testing,now 1.5.3-7 amd64 [installed,automatic]
libpam-runtime/testing,now 1.5.3-7 all [installed,automatic]
libpam-systemd/testing,now 256.4-2 amd64 [installed,automatic]
libpam0g/testing,now 1.5.3-7 amd64 [installed,automatic]
libpango-1.0-0/testing,now 1.54.0+ds-1 amd64 [installed,automatic]
libpango1.0-dev/testing,now 1.54.0+ds-1 amd64 [installed]
libpangocairo-1.0-0/testing,now 1.54.0+ds-1 amd64 [installed,automatic]
libpangoft2-1.0-0/testing,now 1.54.0+ds-1 amd64 [installed,automatic]
libpangoxft-1.0-0/testing,now 1.54.0+ds-1 amd64 [installed,automatic]
libpciaccess0/testing,now 0.17-3+b1 amd64 [installed,automatic]
libpcre2-16-0/testing,now 10.42-4+b1 amd64 [installed,automatic]
libpcre2-32-0/testing,now 10.42-4+b1 amd64 [installed,automatic]
libpcre2-8-0/testing,now 10.42-4+b1 amd64 [installed,automatic]
libpcre2-dev/testing,now 10.42-4+b1 amd64 [installed]
libpcre2-posix3/testing,now 10.42-4+b1 amd64 [installed,automatic]
libperl5.38t64/testing,now 5.38.2-5 amd64 [installed,automatic]
libpfm4/testing,now 4.13.0+git32-g0d4ed0e-1 amd64 [installed,automatic]
libpipeline1/testing,now 1.5.7-2 amd64 [installed,automatic]
libpixman-1-0/testing,now 0.42.2-1+b1 amd64 [installed,automatic]
libpixman-1-dev/testing,now 0.42.2-1+b1 amd64 [installed,automatic]
libpkgconf3/testing,now 1.8.1-3 amd64 [installed,automatic]
libpng-dev/testing,now 1.6.43-5 amd64 [installed,automatic]
libpng-tools/testing,now 1.6.43-5 amd64 [installed,automatic]
libpng16-16t64/testing,now 1.6.43-5 amd64 [installed,automatic]
libproc2-0/testing,now 2:4.0.4-5 amd64 [installed,automatic]
libpsl5t64/testing,now 0.21.2-1.1 amd64 [installed,automatic]
libpython3-stdlib/testing,now 3.12.4-1 amd64 [installed,automatic]
libpython3.12-minimal/testing,now 3.12.4-3 amd64 [installed,automatic]
libpython3.12-stdlib/testing,now 3.12.4-3 amd64 [installed,automatic]
libquadmath0/testing,now 14-20240330-1 amd64 [installed,automatic]
libreadline8t64/testing,now 8.2-4 amd64 [installed,automatic]
librsvg2-2/testing,now 2.58.0+dfsg-1 amd64 [installed,automatic]
librsvg2-common/testing,now 2.58.0+dfsg-1 amd64 [installed,automatic]
librtmp1/testing,now 2.4+20151223.gitfa8646d.1-2+b4 amd64 [installed,automatic]
libsasl2-2/testing,now 2.1.28+dfsg1-6 amd64 [installed,automatic]
libsasl2-modules-db/testing,now 2.1.28+dfsg1-6 amd64 [installed,automatic]
libsasl2-modules/testing,now 2.1.28+dfsg1-6 amd64 [installed,automatic]
libseccomp2/testing,now 2.5.5-1+b1 amd64 [installed,automatic]
libselinux1-dev/testing,now 3.5-2+b3 amd64 [installed,automatic]
libselinux1/testing,now 3.5-2+b3 amd64 [installed,automatic]
libsemanage-common/testing,now 3.5-1 all [installed,automatic]
libsemanage2/testing,now 3.5-1+b4 amd64 [installed,automatic]
libsensors-config/testing,now 1:3.6.0-10 all [installed,automatic]
libsensors5/testing,now 1:3.6.0-10 amd64 [installed,automatic]
libsepol-dev/testing,now 3.5-2+b1 amd64 [installed,automatic]
libsepol2/testing,now 3.5-2+b1 amd64 [installed,automatic]
libsframe1/testing,now 2.42.90.20240720-2 amd64 [installed,automatic]
libsharpyuv-dev/testing,now 1.4.0-0.1 amd64 [installed,automatic]
libsharpyuv0/testing,now 1.4.0-0.1 amd64 [installed,automatic]
libsigc++-2.0-0v5/testing,now 2.12.1-2 amd64 [installed,automatic]
libsm-dev/testing,now 2:1.2.3-1+b1 amd64 [installed,automatic]
libsm6/testing,now 2:1.2.3-1+b1 amd64 [installed,automatic]
libsmartcols1/testing,now 2.40.2-1 amd64 [installed,automatic]
libsqlite3-0/testing,now 3.46.0-1 amd64 [installed,automatic]
libss2/testing,now 1.47.1-1 amd64 [installed,automatic]
libssh2-1t64/testing,now 1.11.0-7 amd64 [installed,automatic]
libssl3t64/testing,now 3.2.2-1 amd64 [installed,automatic]
libstdc++-13-dev/testing,now 13.3.0-3 amd64 [installed,automatic]
libstdc++6/testing,now 14-20240330-1 amd64 [installed,automatic]
libsysprof-capture-4-dev/testing,now 46.0-2 amd64 [installed,automatic]
libsystemd-dev/testing,now 256.4-2 amd64 [installed]
libsystemd-shared/testing,now 256.4-2 amd64 [installed,automatic]
libsystemd0/testing,now 256.4-2 amd64 [installed,automatic]
libtasn1-6-dev/testing,now 4.19.0-3+b2 amd64 [installed,automatic]
libtasn1-6/testing,now 4.19.0-3+b2 amd64 [installed,automatic]
libtasn1-doc/testing,now 4.19.0-3 all [installed,automatic]
libtcl8.6/testing,now 8.6.14+dfsg-1 amd64 [installed,automatic]
libthai-data/testing,now 0.1.29-2 all [installed,automatic]
libthai-dev/testing,now 0.1.29-2 amd64 [installed,automatic]
libthai0/testing,now 0.1.29-2 amd64 [installed,automatic]
libtiff-dev/testing,now 4.5.1+git230720-4 amd64 [installed,automatic]
libtiff6/testing,now 4.5.1+git230720-4 amd64 [installed,automatic]
libtiffxx6/testing,now 4.5.1+git230720-4 amd64 [installed,automatic]
libtinfo6/testing,now 6.5-2 amd64 [installed,automatic]
libtinyxml2-10/testing,now 10.0.0+dfsg-2+b1 amd64 [installed,automatic]
libtsan2/testing,now 14-20240330-1 amd64 [installed,automatic]
libubsan1/testing,now 14-20240330-1 amd64 [installed,automatic]
libudev1/testing,now 256.4-2 amd64 [installed,automatic]
libunbound8/testing,now 1.20.0-1+b1 amd64 [installed,automatic]
libunistring5/testing,now 1.2-1 amd64 [installed,automatic]
libuuid1/testing,now 2.40.2-1 amd64 [installed,automatic]
libvulkan1/testing,now 1.3.283.0-1 amd64 [installed,automatic]
libwayland-bin/testing,now 1.23.0-1 amd64 [installed,automatic]
libwayland-client0/testing,now 1.23.0-1 amd64 [installed,automatic]
libwayland-cursor0/testing,now 1.23.0-1 amd64 [installed,automatic]
libwayland-dev/testing,now 1.23.0-1 amd64 [installed,automatic]
libwayland-egl1/testing,now 1.23.0-1 amd64 [installed,automatic]
libwayland-server0/testing,now 1.23.0-1 amd64 [installed,automatic]
libwebp-dev/testing,now 1.4.0-0.1 amd64 [installed,automatic]
libwebp7/testing,now 1.4.0-0.1 amd64 [installed,automatic]
libwebpdecoder3/testing,now 1.4.0-0.1 amd64 [installed,automatic]
libwebpdemux2/testing,now 1.4.0-0.1 amd64 [installed,automatic]
libwebpmux3/testing,now 1.4.0-0.1 amd64 [installed,automatic]
libx11-6/testing,now 2:1.8.7-1+b1 amd64 [installed,automatic]
libx11-data/testing,now 2:1.8.7-1 all [installed,automatic]
libx11-dev/testing,now 2:1.8.7-1+b1 amd64 [installed,automatic]
libx11-xcb1/testing,now 2:1.8.7-1+b1 amd64 [installed,automatic]
libxapian30/testing,now 1.4.25-1 amd64 [installed,automatic]
libxau-dev/testing,now 1:1.0.9-1+b1 amd64 [installed,automatic]
libxau6/testing,now 1:1.0.9-1+b1 amd64 [installed,automatic]
libxcb-dri2-0/testing,now 1.17.0-2 amd64 [installed,automatic]
libxcb-dri3-0/testing,now 1.17.0-2 amd64 [installed,automatic]
libxcb-glx0/testing,now 1.17.0-2 amd64 [installed,automatic]
libxcb-present0/testing,now 1.17.0-2 amd64 [installed,automatic]
libxcb-randr0/testing,now 1.17.0-2 amd64 [installed,automatic]
libxcb-render0-dev/testing,now 1.17.0-2 amd64 [installed,automatic]
libxcb-render0/testing,now 1.17.0-2 amd64 [installed,automatic]
libxcb-shm0-dev/testing,now 1.17.0-2 amd64 [installed,automatic]
libxcb-shm0/testing,now 1.17.0-2 amd64 [installed,automatic]
libxcb-sync1/testing,now 1.17.0-2 amd64 [installed,automatic]
libxcb-xfixes0/testing,now 1.17.0-2 amd64 [installed,automatic]
libxcb1-dev/testing,now 1.17.0-2 amd64 [installed,automatic]
libxcb1/testing,now 1.17.0-2 amd64 [installed,automatic]
libxcomposite-dev/testing,now 1:0.4.5-1+b1 amd64 [installed,automatic]
libxcomposite1/testing,now 1:0.4.5-1+b1 amd64 [installed,automatic]
libxcursor-dev/testing,now 1:1.2.2-1 amd64 [installed,automatic]
libxcursor1/testing,now 1:1.2.2-1 amd64 [installed,automatic]
libxdamage-dev/testing,now 1:1.1.6-1+b1 amd64 [installed,automatic]
libxdamage1/testing,now 1:1.1.6-1+b1 amd64 [installed,automatic]
libxdmcp-dev/testing,now 1:1.1.2-3+b1 amd64 [installed,automatic]
libxdmcp6/testing,now 1:1.1.2-3+b1 amd64 [installed,automatic]
libxext-dev/testing,now 2:1.3.4-1+b1 amd64 [installed,automatic]
libxext6/testing,now 2:1.3.4-1+b1 amd64 [installed,automatic]
libxfixes-dev/testing,now 1:6.0.0-2+b1 amd64 [installed,automatic]
libxfixes3/testing,now 1:6.0.0-2+b1 amd64 [installed,automatic]
libxft-dev/testing,now 2.3.6-1+b1 amd64 [installed,automatic]
libxft2/testing,now 2.3.6-1+b1 amd64 [installed,automatic]
libxi-dev/testing,now 2:1.8.1-1 amd64 [installed,automatic]
libxi6/testing,now 2:1.8.1-1 amd64 [installed,automatic]
libxinerama-dev/testing,now 2:1.1.4-3+b1 amd64 [installed,automatic]
libxinerama1/testing,now 2:1.1.4-3+b1 amd64 [installed,automatic]
libxkbcommon-dev/testing,now 1.6.0-1+b1 amd64 [installed,automatic]
libxkbcommon0/testing,now 1.6.0-1+b1 amd64 [installed,automatic]
libxml2-dev/testing,now 2.9.14+dfsg-1.3+b3 amd64 [installed,automatic]
libxml2-utils/testing,now 2.9.14+dfsg-1.3+b3 amd64 [installed]
libxml2/testing,now 2.9.14+dfsg-1.3+b3 amd64 [installed,automatic]
libxmuu1/testing,now 2:1.1.3-3+b2 amd64 [installed,automatic]
libxrandr-dev/testing,now 2:1.5.4-1 amd64 [installed,automatic]
libxrandr2/testing,now 2:1.5.4-1 amd64 [installed,automatic]
libxrender-dev/testing,now 1:0.9.10-1.1+b1 amd64 [installed,automatic]
libxrender1/testing,now 1:0.9.10-1.1+b1 amd64 [installed,automatic]
libxshmfence1/testing,now 1.3-1+b1 amd64 [installed,automatic]
libxslt1.1/testing,now 1.1.35-1.1 amd64 [installed,automatic]
libxtst-dev/testing,now 2:1.2.3-1.1+b1 amd64 [installed,automatic]
libxtst6/testing,now 2:1.2.3-1.1+b1 amd64 [installed,automatic]
libxxf86vm1/testing,now 1:1.1.4-1+b2 amd64 [installed,automatic]
libxxhash0/testing,now 0.8.2-2+b1 amd64 [installed,automatic]
libyaml-0-2/testing,now 0.2.5-1+b1 amd64 [installed,automatic]
libz3-4/testing,now 4.8.12-3.1+b2 amd64 [installed,automatic]
libz3-dev/testing,now 4.8.12-3.1+b2 amd64 [installed,automatic]
libzstd-dev/testing,now 1.5.6+dfsg-1 amd64 [installed,automatic]
libzstd1/testing,now 1.5.6+dfsg-1 amd64 [installed,automatic]
linux-libc-dev/testing,now 6.9.12-1 all [installed,automatic]
linux-sysctl-defaults/testing,now 4.10.1 all [installed,automatic]
llvm-16-dev/testing,now 1:16.0.6-27+b1 amd64 [installed,automatic]
llvm-16-linker-tools/testing,now 1:16.0.6-27+b1 amd64 [installed,automatic]
llvm-16-runtime/testing,now 1:16.0.6-27+b1 amd64 [installed,automatic]
llvm-16-tools/testing,now 1:16.0.6-27+b1 amd64 [installed,automatic]
llvm-16/testing,now 1:16.0.6-27+b1 amd64 [installed,automatic]
login/testing,now 1:4.15.3-2 amd64 [installed,automatic]
logsave/testing,now 1.47.1-1 amd64 [installed,automatic]
make/testing,now 4.3-4.1 amd64 [installed,automatic]
manpages-dev/testing,now 6.8-2 all [installed,automatic]
manpages/testing,now 6.8-2 all [installed,automatic]
mawk/now 1.3.4.20240622-1 amd64 [installed,upgradable to: 1.3.4.20240622-2]
media-types/testing,now 10.1.0 all [installed,automatic]
mesa-vulkan-drivers/testing,now 24.1.3-2 amd64 [installed,automatic]
meson/testing,now 1.5.1-1 all [installed]
mount/testing,now 2.40.2-1 amd64 [installed,automatic]
ncurses-base/testing,now 6.5-2 all [installed,automatic]
ncurses-bin/testing,now 6.5-2 amd64 [installed,automatic]
netbase/testing,now 6.4 all [installed,automatic]
nettle-dev/testing,now 3.10-1 amd64 [installed,automatic]
ninja-build/testing,now 1.12.1-1 amd64 [installed,automatic]
opensp/testing,now 1.5.2-15 amd64 [installed,automatic]
openssh-client/testing,now 1:9.8p1-2 amd64 [installed,automatic]
openssl/testing,now 3.2.2-1 amd64 [installed,automatic]
pango1.0-tools/testing,now 1.54.0+ds-1 amd64 [installed,automatic]
passwd/testing,now 1:4.15.3-2 amd64 [installed,automatic]
patch/testing,now 2.7.6-7 amd64 [installed,automatic]
perl-base/testing,now 5.38.2-5 amd64 [installed,automatic]
perl-modules-5.38/testing,now 5.38.2-5 all [installed,automatic]
perl/testing,now 5.38.2-5 amd64 [installed,automatic]
pinentry-curses/testing,now 1.2.1-3+b2 amd64 [installed,automatic]
pkgconf-bin/testing,now 1.8.1-3 amd64 [installed,automatic]
pkgconf/testing,now 1.8.1-3 amd64 [installed,automatic]
procps/testing,now 2:4.0.4-5 amd64 [installed,automatic]
psmisc/testing,now 23.7-1 amd64 [installed,automatic]
publicsuffix/testing,now 20231001.0357-0.1 all [installed,automatic]
python3-bs4/testing,now 4.12.3-1 all [installed,automatic]
python3-chardet/testing,now 5.2.0+dfsg-1 all [installed,automatic]
python3-cssselect/testing,now 1.2.0-4 all [installed,automatic]
python3-html5lib/testing,now 1.1-6 all [installed,automatic]
python3-lxml/testing,now 5.2.2-1 amd64 [installed,automatic]
python3-mako/testing,now 1.3.5-1.1 all [installed,automatic]
python3-markdown/testing,now 3.6-1 all [installed,automatic]
python3-markupsafe/testing,now 2.1.5-1+b1 amd64 [installed,automatic]
python3-minimal/testing,now 3.12.4-1 amd64 [installed,automatic]
python3-packaging/testing,now 24.1-1 all [installed,automatic]
python3-pkg-resources/testing,now 70.3.0-2 all [installed,automatic]
python3-pygments/testing,now 2.18.0+dfsg-1 all [installed,automatic]
python3-setuptools/testing,now 70.3.0-2 all [installed,automatic]
python3-six/testing,now 1.16.0-7 all [installed,automatic]
python3-soupsieve/testing,now 2.5-1 all [installed,automatic]
python3-webencodings/testing,now 0.5.1-5 all [installed,automatic]
python3-yaml/testing,now 6.0.1-2+b1 amd64 [installed,automatic]
python3.12-minimal/testing,now 3.12.4-3 amd64 [installed,automatic]
python3.12/testing,now 3.12.4-3 amd64 [installed,automatic]
python3/testing,now 3.12.4-1 amd64 [installed,automatic]
readline-common/testing,now 8.2-4 all [installed,automatic]
rpcsvc-proto/testing,now 1.4.3-1 amd64 [installed,automatic]
sed/testing,now 4.9-2 amd64 [installed,automatic]
sensible-utils/testing,now 0.0.24 all [installed,automatic]
sgml-base/testing,now 1.31 all [installed,automatic]
sgml-data/testing,now 2.0.11+nmu1 all [installed,automatic]
shared-mime-info/testing,now 2.4-5 amd64 [installed,automatic]
systemd-cryptsetup/testing,now 256.4-2 amd64 [installed,automatic]
systemd-sysv/testing,now 256.4-2 amd64 [installed,automatic]
systemd-timesyncd/testing,now 256.4-2 amd64 [installed,automatic]
systemd/testing,now 256.4-2 amd64 [installed,automatic]
sysvinit-utils/testing,now 3.09-2 amd64 [installed,automatic]
tar/testing,now 1.35+dfsg-3 amd64 [installed,automatic]
tcl-expect/testing,now 5.45.4-3 amd64 [installed,automatic]
tcl8.6/testing,now 8.6.14+dfsg-1 amd64 [installed,automatic]
tzdata/testing,now 2024a-4 all [installed,automatic]
usr-is-merged/testing,now 39 all [installed,automatic]
util-linux/testing,now 2.40.2-1 amd64 [installed,automatic]
uuid-dev/testing,now 2.40.2-1 amd64 [installed,automatic]
wayland-protocols/testing,now 1.36-1 all [installed,automatic]
wget/testing,now 1.24.5-2+b1 amd64 [installed]
x11-common/testing,now 1:7.7+23.1 all [installed,automatic]
x11proto-core-dev/testing,now 2024.1-1 all [installed,automatic]
x11proto-dev/testing,now 2024.1-1 all [installed,automatic]
xauth/testing,now 1:1.1.2-1 amd64 [installed,automatic]
xdg-user-dirs/testing,now 0.18-1 amd64 [installed,automatic]
xkb-data/testing,now 2.42-1 all [installed,automatic]
xml-core/testing,now 0.19 all [installed,automatic]
xorg-sgml-doctools/testing,now 1:1.11-1.1 all [installed,automatic]
xsltproc/testing,now 1.1.35-1.1 amd64 [installed,automatic]
xtrans-dev/testing,now 1.4.0-1 all [installed,automatic]
xz-utils/testing,now 5.6.2-2 amd64 [installed,automatic]
zlib1g-dev/testing,now 1:1.3.dfsg+really1.3.1-1 amd64 [installed,automatic]
zlib1g/testing,now 1:1.3.dfsg+really1.3.1-1 amd64 [installed,automatic]
Errors detected in the build 0
Warnings detected in the logs 292
cppcheck defects detected in the logs 72
TOTAL warnings detected in the logs 364
